Removed Pin From Net: NetName=MS Pin=Master-01
Removed Pin From Net: NetName=GND Pin=Master-02
Removed Pin From Net: NetName=VBUS_Feather Pin=VBUS_Jumper-2
Change Footprint: Footprint Not Found 1X02_LOCK_
Change Footprint: Footprint Not Found 1X02_LOCK_
Change Component Comment : Designator=Master Old Comment=TSW-102-09-G-S-RA New Comment=Connect for Master
Change Component Comment : Designator=Slave Old Comment=TSW-102-09-G-S-RA New Comment=Connect for Slave
Change component parameters: Designator = "Master" ("Master"); Footprint = "SAMTEC_TSW-102-09-G-S-RA"; UniqueID = "\YCZJHRIU" ("\YCZJHRIU")
Change component parameters (AddParameter): Name = "LatestRevisionDate"; Value = "17-Jul-2002"; VariantName = "[No Variations]"
Change component parameters (AddParameter): Name = "LatestRevisionNote"; Value = "Re-released for DXP Platform."; VariantName = "[No Variations]"
Change component parameters (AddParameter): Name = "Publisher"; Value = "Altium Limited"; VariantName = "[No Variations]"
Change component parameters: Designator = "Slave" ("Slave"); Footprint = "SAMTEC_TSW-102-09-G-S-RA"; UniqueID = "\OCHLZXQD" ("\OCHLZXQD")
Change component parameters (AddParameter): Name = "LatestRevisionDate"; Value = "17-Jul-2002"; VariantName = "[No Variations]"
Change component parameters (AddParameter): Name = "LatestRevisionNote"; Value = "Re-released for DXP Platform."; VariantName = "[No Variations]"
Change component parameters (AddParameter): Name = "Publisher"; Value = "Altium Limited"; VariantName = "[No Variations]"
Add Pin To Net: Unknown Pin: Pin Master-1
Add Pin To Net: Unknown Pin: Pin Master-2
Added Pin To Net: NetName=NetSlave_1 Pin=TP1-P$1
Added Net: Name=NetSlave_1
Added Pin To Net: NetName=NetSlave_2 Pin=TP2-P$1
Added Net: Name=NetSlave_2
