Change Component Designator: Old Designator=C? New Designator=C1
Change Component Designator: Old Designator=C? New Designator=C2
Change Component Designator: Old Designator=J? New Designator=J5
Change Component Designator: Old Designator=J? New Designator=J6
Change Component Designator: Old Designator=J? New Designator=J7
Change Component Designator: Old Designator=R? New Designator=R1
Change Component Designator: Old Designator=T? New Designator=T1
Change Component Designator: Old Designator=T? New Designator=T2
Change Component Designator: Old Designator=T? New Designator=T3
Change Component Designator: Old Designator=T? New Designator=T4
Change Component Designator: Old Designator=T? New Designator=T5
Change Component Designator: Old Designator=T? New Designator=T6
Change Component Designator: Old Designator=T? New Designator=T7
Change Component Designator: Old Designator=T? New Designator=T8
Change Component Designator: Old Designator=T? New Designator=T9
Change Component Designator: Old Designator=T? New Designator=T10
Change Component Designator: Old Designator=T? New Designator=T11
Change Component Designator: Old Designator=T? New Designator=T12
Change Component Designator: Old Designator=T? New Designator=T13
Change Component Designator: Old Designator=T? New Designator=T14
Change Component Designator: Old Designator=T? New Designator=T15
Change Component Designator: Old Designator=T? New Designator=T16
Change Component Designator: Old Designator=T? New Designator=T17
Change Component Designator: Old Designator=T? New Designator=T18
Change Component Designator: Old Designator=T? New Designator=T19
Change Component Designator: Old Designator=T? New Designator=T20
Change Component Designator: Old Designator=T? New Designator=T21
Change Component Designator: Old Designator=T? New Designator=T22
Change Component Designator: Old Designator=T? New Designator=T23
Change Component Designator: Old Designator=T? New Designator=T24
Change Component Designator: Old Designator=T? New Designator=T25
Change Component Designator: Old Designator=T? New Designator=T26
Change Component Designator: Old Designator=T? New Designator=T27
Change Component Designator: Old Designator=T? New Designator=T28
Change Component Designator: Old Designator=T? New Designator=T29
Change Component Designator: Old Designator=T? New Designator=T30
Change Component Designator: Old Designator=T? New Designator=T31
Change Component Designator: Old Designator=T? New Designator=T32
Change Component Designator: Old Designator=T? New Designator=T33
Change Component Designator: Old Designator=T? New Designator=T34
Change Component Designator: Old Designator=T? New Designator=T35
Change Component Designator: Old Designator=T? New Designator=T36
Change Component Designator: Old Designator=T? New Designator=T37
Change Component Designator: Old Designator=T? New Designator=T38
Change Component Designator: Old Designator=T? New Designator=T39
Change Component Designator: Old Designator=T? New Designator=T40
Change Component Designator: Old Designator=T? New Designator=T41
Change Component Designator: Old Designator=T? New Designator=T42
Change Component Designator: Old Designator=T? New Designator=T43
Change Component Designator: Old Designator=T? New Designator=T44
Change Component Designator: Old Designator=T? New Designator=T45
Change Component Designator: Old Designator=T? New Designator=T46
Change Component Designator: Old Designator=T? New Designator=T47
Change Component Designator: Old Designator=T? New Designator=T48
Change Component Designator: Old Designator=T? New Designator=T49
Change Component Designator: Old Designator=T? New Designator=T50
Change Component Designator: Old Designator=T? New Designator=T51
Change Component Designator: Old Designator=T? New Designator=T52
Change Component Designator: Old Designator=T? New Designator=T53
Change Component Designator: Old Designator=T? New Designator=T54
Change Component Designator: Old Designator=T? New Designator=T55
Change Component Designator: Old Designator=T? New Designator=T56
Change Component Designator: Old Designator=T? New Designator=T57
Change Component Designator: Old Designator=T? New Designator=T58
Change Component Designator: Old Designator=T? New Designator=T59
Change Component Designator: Old Designator=T? New Designator=T60
Change Component Designator: Old Designator=T? New Designator=T61
Change Component Designator: Old Designator=T? New Designator=T62
Change Component Designator: Old Designator=T? New Designator=T63
Change Component Designator: Old Designator=T? New Designator=T64
Change Component Designator: Old Designator=T? New Designator=T65
Change Component Designator: Old Designator=T? New Designator=T66
Change Component Designator: Old Designator=T? New Designator=T67
Change Component Designator: Old Designator=T? New Designator=T68
Change Component Designator: Old Designator=T? New Designator=T69
Change Component Designator: Old Designator=T? New Designator=T70
Change Component Designator: Old Designator=T? New Designator=T71
Change Component Designator: Old Designator=T? New Designator=T72
Change Component Designator: Old Designator=T? New Designator=T73
Change Component Designator: Old Designator=T? New Designator=T74
Change Component Designator: Old Designator=T? New Designator=T75
Change Component Designator: Old Designator=T? New Designator=T76
Change Component Designator: Old Designator=T? New Designator=T77
Change Component Designator: Old Designator=T? New Designator=T78
Change Component Designator: Old Designator=T? New Designator=T79
Change Component Designator: Old Designator=VR? New Designator=VR1
