Removed Member From Class: ClassName=U1_1_Nets Member=Out1_1
Removed Member From Class: ClassName=U1_2_Nets Member=Out1_2
Removed Member From Class: ClassName=U1_3_Nets Member=Out1_3
Removed Member From Class: ClassName=U1_4_Nets Member=Out1_4
Removed Member From Class: ClassName=U1_5_Nets Member=Out1_5
Removed Member From Class: ClassName=U1_6_Nets Member=Out1_6
Removed Member From Class: ClassName=U1_7_Nets Member=Out1_7
Removed Member From Class: ClassName=U1_8_Nets Member=Out1_8
Removed Member From Class: ClassName=U1_9_Nets Member=Out1_9
Removed Member From Class: ClassName=U1_10_Nets Member=Out1_10
Removed Member From Class: ClassName=U1_11_Nets Member=Out1_11
Removed Member From Class: ClassName=U1_12_Nets Member=Out1_12
Removed Member From Class: ClassName=U1_13_Nets Member=Out1_13
Removed Member From Class: ClassName=U1_14_Nets Member=Out1_14
Removed Member From Class: ClassName=U1_15_Nets Member=Out1_15
Removed Member From Class: ClassName=U1_16_Nets Member=Out1_16
Removed Member From Class: ClassName=U1_17_Nets Member=Out1_17
Removed Member From Class: ClassName=U1_18_Nets Member=Out1_18
Removed Member From Class: ClassName=U1_19_Nets Member=Out1_19
Removed Member From Class: ClassName=U1_20_Nets Member=Out1_20
Removed Member From Class: ClassName=U1_21_Nets Member=Out1_21
Removed Member From Class: ClassName=U1_22_Nets Member=Out1_22
Removed Member From Class: ClassName=U1_23_Nets Member=Out1_23
Removed Member From Class: ClassName=U1_24_Nets Member=Out1_24
Removed Member From Class: ClassName=U1_25_Nets Member=Out1_25
Removed Member From Class: ClassName=U1_26_Nets Member=Out1_26
Removed Member From Class: ClassName=U1_27_Nets Member=Out1_27
Removed Member From Class: ClassName=U1_28_Nets Member=Out1_28
Removed Member From Class: ClassName=U1_29_Nets Member=Out1_29
Removed Member From Class: ClassName=U1_30_Nets Member=Out1_30
Removed Member From Class: ClassName=U1_31_Nets Member=Out1_31
Removed Member From Class: ClassName=U1_32_Nets Member=Out1_32
Removed Member From Class: ClassName=U1_1_Nets Member=Out2_1
Removed Member From Class: ClassName=U1_2_Nets Member=Out2_2
Removed Member From Class: ClassName=U1_3_Nets Member=Out2_3
Removed Member From Class: ClassName=U1_4_Nets Member=Out2_4
Removed Member From Class: ClassName=U1_5_Nets Member=Out2_5
Removed Member From Class: ClassName=U1_6_Nets Member=Out2_6
Removed Member From Class: ClassName=U1_7_Nets Member=Out2_7
Removed Member From Class: ClassName=U1_8_Nets Member=Out2_8
Removed Member From Class: ClassName=U1_9_Nets Member=Out2_9
Removed Member From Class: ClassName=U1_10_Nets Member=Out2_10
Removed Member From Class: ClassName=U1_11_Nets Member=Out2_11
Removed Member From Class: ClassName=U1_12_Nets Member=Out2_12
Removed Member From Class: ClassName=U1_13_Nets Member=Out2_13
Removed Member From Class: ClassName=U1_14_Nets Member=Out2_14
Removed Member From Class: ClassName=U1_15_Nets Member=Out2_15
Removed Member From Class: ClassName=U1_16_Nets Member=Out2_16
Removed Member From Class: ClassName=U1_17_Nets Member=Out2_17
Removed Member From Class: ClassName=U1_18_Nets Member=Out2_18
Removed Member From Class: ClassName=U1_19_Nets Member=Out2_19
Removed Member From Class: ClassName=U1_20_Nets Member=Out2_20
Removed Member From Class: ClassName=U1_21_Nets Member=Out2_21
Removed Member From Class: ClassName=U1_22_Nets Member=Out2_22
Removed Member From Class: ClassName=U1_23_Nets Member=Out2_23
Removed Member From Class: ClassName=U1_24_Nets Member=Out2_24
Removed Member From Class: ClassName=U1_25_Nets Member=Out2_25
Removed Member From Class: ClassName=U1_26_Nets Member=Out2_26
Removed Member From Class: ClassName=U1_27_Nets Member=Out2_27
Removed Member From Class: ClassName=U1_28_Nets Member=Out2_28
Removed Member From Class: ClassName=U1_29_Nets Member=Out2_29
Removed Member From Class: ClassName=U1_30_Nets Member=Out2_30
Removed Member From Class: ClassName=U1_31_Nets Member=Out2_31
Removed Member From Class: ClassName=U1_32_Nets Member=Out2_32
Change Component Designator: OldDesignator=1_1 NewDesignator=1\1
Change Component Designator: OldDesignator=1_2 NewDesignator=1\2
Change Component Designator: OldDesignator=1_3 NewDesignator=1\3
Change Component Designator: OldDesignator=1_4 NewDesignator=1\4
Change Component Designator: OldDesignator=1_5 NewDesignator=1\5
Change Component Designator: OldDesignator=1_6 NewDesignator=1\6
Change Component Designator: OldDesignator=1_7 NewDesignator=1\7
Change Component Designator: OldDesignator=1_8 NewDesignator=1\8
Change Component Designator: OldDesignator=1_9 NewDesignator=1\9
Change Component Designator: OldDesignator=1_10 NewDesignator=1\10
Change Component Designator: OldDesignator=1_11 NewDesignator=1\11
Change Component Designator: OldDesignator=1_12 NewDesignator=1\12
Change Component Designator: OldDesignator=1_13 NewDesignator=1\13
Change Component Designator: OldDesignator=1_14 NewDesignator=1\14
Change Component Designator: OldDesignator=1_15 NewDesignator=1\15
Change Component Designator: OldDesignator=1_16 NewDesignator=1\16
Change Component Designator: OldDesignator=1_17 NewDesignator=1\17
Change Component Designator: OldDesignator=1_18 NewDesignator=1\18
Change Component Designator: OldDesignator=1_19 NewDesignator=1\19
Change Component Designator: OldDesignator=1_20 NewDesignator=1\20
Change Component Designator: OldDesignator=1_21 NewDesignator=1\21
Change Component Designator: OldDesignator=1_22 NewDesignator=1\22
Change Component Designator: OldDesignator=1_23 NewDesignator=1\23
Change Component Designator: OldDesignator=1_24 NewDesignator=1\24
Change Component Designator: OldDesignator=1_25 NewDesignator=1\25
Change Component Designator: OldDesignator=1_26 NewDesignator=1\26
Change Component Designator: OldDesignator=1_27 NewDesignator=1\27
Change Component Designator: OldDesignator=1_28 NewDesignator=1\28
Change Component Designator: OldDesignator=1_29 NewDesignator=1\29
Change Component Designator: OldDesignator=1_30 NewDesignator=1\30
Change Component Designator: OldDesignator=1_31 NewDesignator=1\31
Change Component Designator: OldDesignator=1_32 NewDesignator=1\32
Change Component Designator: OldDesignator=2_1 NewDesignator=2\1
Change Component Designator: OldDesignator=2_2 NewDesignator=2\2
Change Component Designator: OldDesignator=2_3 NewDesignator=2\3
Change Component Designator: OldDesignator=2_4 NewDesignator=2\4
Change Component Designator: OldDesignator=2_5 NewDesignator=2\5
Change Component Designator: OldDesignator=2_6 NewDesignator=2\6
Change Component Designator: OldDesignator=2_7 NewDesignator=2\7
Change Component Designator: OldDesignator=2_8 NewDesignator=2\8
Change Component Designator: OldDesignator=2_9 NewDesignator=2\9
Change Component Designator: OldDesignator=2_10 NewDesignator=2\10
Change Component Designator: OldDesignator=2_11 NewDesignator=2\11
Change Component Designator: OldDesignator=2_12 NewDesignator=2\12
Change Component Designator: OldDesignator=2_13 NewDesignator=2\13
Change Component Designator: OldDesignator=2_14 NewDesignator=2\14
Change Component Designator: OldDesignator=2_15 NewDesignator=2\15
Change Component Designator: OldDesignator=2_16 NewDesignator=2\16
Change Component Designator: OldDesignator=2_17 NewDesignator=2\17
Change Component Designator: OldDesignator=2_18 NewDesignator=2\18
Change Component Designator: OldDesignator=2_19 NewDesignator=2\19
Change Component Designator: OldDesignator=2_20 NewDesignator=2\20
Change Component Designator: OldDesignator=2_21 NewDesignator=2\21
Change Component Designator: OldDesignator=2_22 NewDesignator=2\22
Change Component Designator: OldDesignator=2_23 NewDesignator=2\23
Change Component Designator: OldDesignator=2_24 NewDesignator=2\24
Change Component Designator: OldDesignator=2_25 NewDesignator=2\25
Change Component Designator: OldDesignator=2_26 NewDesignator=2\26
Change Component Designator: OldDesignator=2_27 NewDesignator=2\27
Change Component Designator: OldDesignator=2_28 NewDesignator=2\28
Change Component Designator: OldDesignator=2_29 NewDesignator=2\29
Change Component Designator: OldDesignator=2_30 NewDesignator=2\30
Change Component Designator: OldDesignator=2_31 NewDesignator=2\31
Change Component Designator: OldDesignator=2_32 NewDesignator=2\32
Change Component Designator: OldDesignator=C1_1 NewDesignator=C1\1
Change Component Designator: OldDesignator=C1_2 NewDesignator=C1\2
Change Component Designator: OldDesignator=C1_3 NewDesignator=C1\3
Change Component Designator: OldDesignator=C1_4 NewDesignator=C1\4
Change Component Designator: OldDesignator=C1_5 NewDesignator=C1\5
Change Component Designator: OldDesignator=C1_6 NewDesignator=C1\6
Change Component Designator: OldDesignator=C1_7 NewDesignator=C1\7
Change Component Designator: OldDesignator=C1_8 NewDesignator=C1\8
Change Component Designator: OldDesignator=C1_9 NewDesignator=C1\9
Change Component Designator: OldDesignator=C1_10 NewDesignator=C1\10
Change Component Designator: OldDesignator=C1_11 NewDesignator=C1\11
Change Component Designator: OldDesignator=C1_12 NewDesignator=C1\12
Change Component Designator: OldDesignator=C1_13 NewDesignator=C1\13
Change Component Designator: OldDesignator=C1_14 NewDesignator=C1\14
Change Component Designator: OldDesignator=C1_15 NewDesignator=C1\15
Change Component Designator: OldDesignator=C1_16 NewDesignator=C1\16
Change Component Designator: OldDesignator=C1_17 NewDesignator=C1\17
Change Component Designator: OldDesignator=C1_18 NewDesignator=C1\18
Change Component Designator: OldDesignator=C1_19 NewDesignator=C1\19
Change Component Designator: OldDesignator=C1_20 NewDesignator=C1\20
Change Component Designator: OldDesignator=C1_21 NewDesignator=C1\21
Change Component Designator: OldDesignator=C1_22 NewDesignator=C1\22
Change Component Designator: OldDesignator=C1_23 NewDesignator=C1\23
Change Component Designator: OldDesignator=C1_24 NewDesignator=C1\24
Change Component Designator: OldDesignator=C1_25 NewDesignator=C1\25
Change Component Designator: OldDesignator=C1_26 NewDesignator=C1\26
Change Component Designator: OldDesignator=C1_27 NewDesignator=C1\27
Change Component Designator: OldDesignator=C1_28 NewDesignator=C1\28
Change Component Designator: OldDesignator=C1_29 NewDesignator=C1\29
Change Component Designator: OldDesignator=C1_30 NewDesignator=C1\30
Change Component Designator: OldDesignator=C1_31 NewDesignator=C1\31
Change Component Designator: OldDesignator=C1_32 NewDesignator=C1\32
Change Component Designator: OldDesignator=U1_1 NewDesignator=U1\1
Change Component Designator: OldDesignator=U1_2 NewDesignator=U1\2
Change Component Designator: OldDesignator=U1_3 NewDesignator=U1\3
Change Component Designator: OldDesignator=U1_4 NewDesignator=U1\4
Change Component Designator: OldDesignator=U1_5 NewDesignator=U1\5
Change Component Designator: OldDesignator=U1_6 NewDesignator=U1\6
Change Component Designator: OldDesignator=U1_7 NewDesignator=U1\7
Change Component Designator: OldDesignator=U1_8 NewDesignator=U1\8
Change Component Designator: OldDesignator=U1_9 NewDesignator=U1\9
Change Component Designator: OldDesignator=U1_10 NewDesignator=U1\10
Change Component Designator: OldDesignator=U1_11 NewDesignator=U1\11
Change Component Designator: OldDesignator=U1_12 NewDesignator=U1\12
Change Component Designator: OldDesignator=U1_13 NewDesignator=U1\13
Change Component Designator: OldDesignator=U1_14 NewDesignator=U1\14
Change Component Designator: OldDesignator=U1_15 NewDesignator=U1\15
Change Component Designator: OldDesignator=U1_16 NewDesignator=U1\16
Change Component Designator: OldDesignator=U1_17 NewDesignator=U1\17
Change Component Designator: OldDesignator=U1_18 NewDesignator=U1\18
Change Component Designator: OldDesignator=U1_19 NewDesignator=U1\19
Change Component Designator: OldDesignator=U1_20 NewDesignator=U1\20
Change Component Designator: OldDesignator=U1_21 NewDesignator=U1\21
Change Component Designator: OldDesignator=U1_22 NewDesignator=U1\22
Change Component Designator: OldDesignator=U1_23 NewDesignator=U1\23
Change Component Designator: OldDesignator=U1_24 NewDesignator=U1\24
Change Component Designator: OldDesignator=U1_25 NewDesignator=U1\25
Change Component Designator: OldDesignator=U1_26 NewDesignator=U1\26
Change Component Designator: OldDesignator=U1_27 NewDesignator=U1\27
Change Component Designator: OldDesignator=U1_28 NewDesignator=U1\28
Change Component Designator: OldDesignator=U1_29 NewDesignator=U1\29
Change Component Designator: OldDesignator=U1_30 NewDesignator=U1\30
Change Component Designator: OldDesignator=U1_31 NewDesignator=U1\31
Change Component Designator: OldDesignator=U1_32 NewDesignator=U1\32
Change Net Name : Old Net Name=Out1_1 New Net Name=Out1\1
Change Net Name : Old Net Name=Out1_2 New Net Name=Out1\2
Change Net Name : Old Net Name=Out1_3 New Net Name=Out1\3
Change Net Name : Old Net Name=Out1_4 New Net Name=Out1\4
Change Net Name : Old Net Name=Out1_5 New Net Name=Out1\5
Change Net Name : Old Net Name=Out1_6 New Net Name=Out1\6
Change Net Name : Old Net Name=Out1_7 New Net Name=Out1\7
Change Net Name : Old Net Name=Out1_8 New Net Name=Out1\8
Change Net Name : Old Net Name=Out1_9 New Net Name=Out1\9
Change Net Name : Old Net Name=Out1_10 New Net Name=Out1\10
Change Net Name : Old Net Name=Out1_11 New Net Name=Out1\11
Change Net Name : Old Net Name=Out1_12 New Net Name=Out1\12
Change Net Name : Old Net Name=Out1_13 New Net Name=Out1\13
Change Net Name : Old Net Name=Out1_14 New Net Name=Out1\14
Change Net Name : Old Net Name=Out1_15 New Net Name=Out1\15
Change Net Name : Old Net Name=Out1_16 New Net Name=Out1\16
Change Net Name : Old Net Name=Out1_17 New Net Name=Out1\17
Change Net Name : Old Net Name=Out1_18 New Net Name=Out1\18
Change Net Name : Old Net Name=Out1_19 New Net Name=Out1\19
Change Net Name : Old Net Name=Out1_20 New Net Name=Out1\20
Change Net Name : Old Net Name=Out1_21 New Net Name=Out1\21
Change Net Name : Old Net Name=Out1_22 New Net Name=Out1\22
Change Net Name : Old Net Name=Out1_23 New Net Name=Out1\23
Change Net Name : Old Net Name=Out1_24 New Net Name=Out1\24
Change Net Name : Old Net Name=Out1_25 New Net Name=Out1\25
Change Net Name : Old Net Name=Out1_26 New Net Name=Out1\26
Change Net Name : Old Net Name=Out1_27 New Net Name=Out1\27
Change Net Name : Old Net Name=Out1_28 New Net Name=Out1\28
Change Net Name : Old Net Name=Out1_29 New Net Name=Out1\29
Change Net Name : Old Net Name=Out1_30 New Net Name=Out1\30
Change Net Name : Old Net Name=Out1_31 New Net Name=Out1\31
Change Net Name : Old Net Name=Out1_32 New Net Name=Out1\32
Change Net Name : Old Net Name=Out2_1 New Net Name=Out2\1
Change Net Name : Old Net Name=Out2_2 New Net Name=Out2\2
Change Net Name : Old Net Name=Out2_3 New Net Name=Out2\3
Change Net Name : Old Net Name=Out2_4 New Net Name=Out2\4
Change Net Name : Old Net Name=Out2_5 New Net Name=Out2\5
Change Net Name : Old Net Name=Out2_6 New Net Name=Out2\6
Change Net Name : Old Net Name=Out2_7 New Net Name=Out2\7
Change Net Name : Old Net Name=Out2_8 New Net Name=Out2\8
Change Net Name : Old Net Name=Out2_9 New Net Name=Out2\9
Change Net Name : Old Net Name=Out2_10 New Net Name=Out2\10
Change Net Name : Old Net Name=Out2_11 New Net Name=Out2\11
Change Net Name : Old Net Name=Out2_12 New Net Name=Out2\12
Change Net Name : Old Net Name=Out2_13 New Net Name=Out2\13
Change Net Name : Old Net Name=Out2_14 New Net Name=Out2\14
Change Net Name : Old Net Name=Out2_15 New Net Name=Out2\15
Change Net Name : Old Net Name=Out2_16 New Net Name=Out2\16
Change Net Name : Old Net Name=Out2_17 New Net Name=Out2\17
Change Net Name : Old Net Name=Out2_18 New Net Name=Out2\18
Change Net Name : Old Net Name=Out2_19 New Net Name=Out2\19
Change Net Name : Old Net Name=Out2_20 New Net Name=Out2\20
Change Net Name : Old Net Name=Out2_21 New Net Name=Out2\21
Change Net Name : Old Net Name=Out2_22 New Net Name=Out2\22
Change Net Name : Old Net Name=Out2_23 New Net Name=Out2\23
Change Net Name : Old Net Name=Out2_24 New Net Name=Out2\24
Change Net Name : Old Net Name=Out2_25 New Net Name=Out2\25
Change Net Name : Old Net Name=Out2_26 New Net Name=Out2\26
Change Net Name : Old Net Name=Out2_27 New Net Name=Out2\27
Change Net Name : Old Net Name=Out2_28 New Net Name=Out2\28
Change Net Name : Old Net Name=Out2_29 New Net Name=Out2\29
Change Net Name : Old Net Name=Out2_30 New Net Name=Out2\30
Change Net Name : Old Net Name=Out2_31 New Net Name=Out2\31
Change Net Name : Old Net Name=Out2_32 New Net Name=Out2\32
Change Class Name : Old Net Name=C1_22_Nets New Net Name=C1\11_Nets
Change Class Name : Old Net Name=U1_1_Nets New Net Name=U1\1_Nets
Change Class Name : Old Net Name=U1_2_Nets New Net Name=U1\2_Nets
Change Class Name : Old Net Name=U1_3_Nets New Net Name=U1\3_Nets
Change Class Name : Old Net Name=U1_4_Nets New Net Name=U1\4_Nets
Change Class Name : Old Net Name=U1_5_Nets New Net Name=U1\5_Nets
Change Class Name : Old Net Name=U1_6_Nets New Net Name=U1\6_Nets
Change Class Name : Old Net Name=U1_7_Nets New Net Name=U1\7_Nets
Change Class Name : Old Net Name=U1_8_Nets New Net Name=U1\8_Nets
Change Class Name : Old Net Name=U1_9_Nets New Net Name=U1\9_Nets
Change Class Name : Old Net Name=U1_10_Nets New Net Name=U1\10_Nets
Change Class Name : Old Net Name=U1_11_Nets New Net Name=U1\11_Nets
Change Class Name : Old Net Name=U1_12_Nets New Net Name=U1\12_Nets
Change Class Name : Old Net Name=U1_13_Nets New Net Name=U1\13_Nets
Change Class Name : Old Net Name=U1_14_Nets New Net Name=U1\14_Nets
Change Class Name : Old Net Name=U1_15_Nets New Net Name=U1\15_Nets
Change Class Name : Old Net Name=U1_16_Nets New Net Name=U1\16_Nets
Change Class Name : Old Net Name=U1_17_Nets New Net Name=U1\17_Nets
Change Class Name : Old Net Name=U1_18_Nets New Net Name=U1\18_Nets
Change Class Name : Old Net Name=U1_19_Nets New Net Name=U1\19_Nets
Change Class Name : Old Net Name=U1_20_Nets New Net Name=U1\20_Nets
Change Class Name : Old Net Name=U1_21_Nets New Net Name=U1\21_Nets
Change Class Name : Old Net Name=U1_22_Nets New Net Name=U1\22_Nets
Change Class Name : Old Net Name=U1_23_Nets New Net Name=U1\23_Nets
Change Class Name : Old Net Name=U1_24_Nets New Net Name=U1\24_Nets
Change Class Name : Old Net Name=U1_25_Nets New Net Name=U1\25_Nets
Change Class Name : Old Net Name=U1_26_Nets New Net Name=U1\26_Nets
Change Class Name : Old Net Name=U1_27_Nets New Net Name=U1\27_Nets
Change Class Name : Old Net Name=U1_28_Nets New Net Name=U1\28_Nets
Change Class Name : Old Net Name=U1_29_Nets New Net Name=U1\29_Nets
Change Class Name : Old Net Name=U1_30_Nets New Net Name=U1\30_Nets
Change Class Name : Old Net Name=U1_31_Nets New Net Name=U1\31_Nets
Change Class Name : Old Net Name=U1_32_Nets New Net Name=U1\32_Nets
Added Class: Name=1\1_Nets
Added Class: Name=1\2_Nets
Added Class: Name=1\3_Nets
Added Class: Name=1\4_Nets
Added Class: Name=1\5_Nets
Added Class: Name=1\6_Nets
Added Class: Name=1\7_Nets
Added Class: Name=1\8_Nets
Added Class: Name=1\9_Nets
Added Class: Name=1\10_Nets
Added Class: Name=1\11_Nets
Added Class: Name=1\12_Nets
Added Class: Name=1\13_Nets
Added Class: Name=1\14_Nets
Added Class: Name=1\15_Nets
Added Class: Name=1\16_Nets
Added Class: Name=1\17_Nets
Added Class: Name=1\18_Nets
Added Class: Name=1\19_Nets
Added Class: Name=1\20_Nets
Added Class: Name=1\21_Nets
Added Class: Name=1\22_Nets
Added Class: Name=1\23_Nets
Added Class: Name=1\24_Nets
Added Class: Name=1\25_Nets
Added Class: Name=1\26_Nets
Added Class: Name=1\27_Nets
Added Class: Name=1\28_Nets
Added Class: Name=1\29_Nets
Added Class: Name=1\30_Nets
Added Class: Name=1\31_Nets
Added Class: Name=1\32_Nets
Added Class: Name=2\1_Nets
Added Class: Name=2\2_Nets
Added Class: Name=2\3_Nets
Added Class: Name=2\4_Nets
Added Class: Name=2\5_Nets
Added Class: Name=2\6_Nets
Added Class: Name=2\7_Nets
Added Class: Name=2\8_Nets
Added Class: Name=2\9_Nets
Added Class: Name=2\10_Nets
Added Class: Name=2\11_Nets
Added Class: Name=2\12_Nets
Added Class: Name=2\13_Nets
Added Class: Name=2\14_Nets
Added Class: Name=2\15_Nets
Added Class: Name=2\16_Nets
Added Class: Name=2\17_Nets
Added Class: Name=2\18_Nets
Added Class: Name=2\19_Nets
Added Class: Name=2\20_Nets
Added Class: Name=2\21_Nets
Added Class: Name=2\22_Nets
Added Class: Name=2\23_Nets
Added Class: Name=2\24_Nets
Added Class: Name=2\25_Nets
Added Class: Name=2\26_Nets
Added Class: Name=2\27_Nets
Added Class: Name=2\28_Nets
Added Class: Name=2\29_Nets
Added Class: Name=2\30_Nets
Added Class: Name=2\31_Nets
Added Class: Name=2\32_Nets
Added Class: Name=C1\1_Nets
Added Class: Name=C1\2_Nets
Added Class: Name=C1\3_Nets
Added Class: Name=C1\4_Nets
Added Class: Name=C1\5_Nets
Added Class: Name=C1\6_Nets
Added Class: Name=C1\7_Nets
Added Class: Name=C1\8_Nets
Added Class: Name=C1\9_Nets
Added Class: Name=C1\10_Nets
Added Class: Name=C1\12_Nets
Added Class: Name=C1\13_Nets
Added Class: Name=C1\14_Nets
Added Class: Name=C1\15_Nets
Added Class: Name=C1\16_Nets
Added Class: Name=C1\17_Nets
Added Class: Name=C1\18_Nets
Added Class: Name=C1\19_Nets
Added Class: Name=C1\20_Nets
Added Class: Name=C1\21_Nets
Added Class: Name=C1\22_Nets
Added Class: Name=C1\23_Nets
Added Class: Name=C1\24_Nets
Added Class: Name=C1\25_Nets
Added Class: Name=C1\26_Nets
Added Class: Name=C1\27_Nets
Added Class: Name=C1\28_Nets
Added Class: Name=C1\29_Nets
Added Class: Name=C1\30_Nets
Added Class: Name=C1\31_Nets
Added Class: Name=C1\32_Nets
Added Member To Class: ClassName=U1\1_Nets Member=Wire Out1\1
Added Member To Class: ClassName=U1\2_Nets Member=Wire Out1\2
Added Member To Class: ClassName=U1\3_Nets Member=Wire Out1\3
Added Member To Class: ClassName=U1\4_Nets Member=Wire Out1\4
Added Member To Class: ClassName=U1\5_Nets Member=Wire Out1\5
Added Member To Class: ClassName=U1\6_Nets Member=Wire Out1\6
Added Member To Class: ClassName=U1\7_Nets Member=Wire Out1\7
Added Member To Class: ClassName=U1\8_Nets Member=Wire Out1\8
Added Member To Class: ClassName=U1\9_Nets Member=Wire Out1\9
Added Member To Class: ClassName=U1\10_Nets Member=Wire Out1\10
Added Member To Class: ClassName=U1\11_Nets Member=Wire Out1\11
Added Member To Class: ClassName=U1\12_Nets Member=Wire Out1\12
Added Member To Class: ClassName=U1\13_Nets Member=Wire Out1\13
Added Member To Class: ClassName=U1\14_Nets Member=Wire Out1\14
Added Member To Class: ClassName=U1\15_Nets Member=Wire Out1\15
Added Member To Class: ClassName=U1\16_Nets Member=Wire Out1\16
Added Member To Class: ClassName=U1\17_Nets Member=Wire Out1\17
Added Member To Class: ClassName=U1\18_Nets Member=Wire Out1\18
Added Member To Class: ClassName=U1\19_Nets Member=Wire Out1\19
Added Member To Class: ClassName=U1\20_Nets Member=Wire Out1\20
Added Member To Class: ClassName=U1\21_Nets Member=Wire Out1\21
Added Member To Class: ClassName=U1\22_Nets Member=Wire Out1\22
Added Member To Class: ClassName=U1\23_Nets Member=Wire Out1\23
Added Member To Class: ClassName=U1\24_Nets Member=Wire Out1\24
Added Member To Class: ClassName=U1\25_Nets Member=Wire Out1\25
Added Member To Class: ClassName=U1\26_Nets Member=Wire Out1\26
Added Member To Class: ClassName=U1\27_Nets Member=Wire Out1\27
Added Member To Class: ClassName=U1\28_Nets Member=Wire Out1\28
Added Member To Class: ClassName=U1\29_Nets Member=Wire Out1\29
Added Member To Class: ClassName=U1\30_Nets Member=Wire Out1\30
Added Member To Class: ClassName=U1\31_Nets Member=Wire Out1\31
Added Member To Class: ClassName=U1\32_Nets Member=Wire Out1\32
Added Member To Class: ClassName=U1\1_Nets Member=Wire Out2\1
Added Member To Class: ClassName=U1\2_Nets Member=Wire Out2\2
Added Member To Class: ClassName=U1\3_Nets Member=Wire Out2\3
Added Member To Class: ClassName=U1\4_Nets Member=Wire Out2\4
Added Member To Class: ClassName=U1\5_Nets Member=Wire Out2\5
Added Member To Class: ClassName=U1\6_Nets Member=Wire Out2\6
Added Member To Class: ClassName=U1\7_Nets Member=Wire Out2\7
Added Member To Class: ClassName=U1\8_Nets Member=Wire Out2\8
Added Member To Class: ClassName=U1\9_Nets Member=Wire Out2\9
Added Member To Class: ClassName=U1\10_Nets Member=Wire Out2\10
Added Member To Class: ClassName=U1\11_Nets Member=Wire Out2\11
Added Member To Class: ClassName=U1\12_Nets Member=Wire Out2\12
Added Member To Class: ClassName=U1\13_Nets Member=Wire Out2\13
Added Member To Class: ClassName=U1\14_Nets Member=Wire Out2\14
Added Member To Class: ClassName=U1\15_Nets Member=Wire Out2\15
Added Member To Class: ClassName=U1\16_Nets Member=Wire Out2\16
Added Member To Class: ClassName=U1\17_Nets Member=Wire Out2\17
Added Member To Class: ClassName=U1\18_Nets Member=Wire Out2\18
Added Member To Class: ClassName=U1\19_Nets Member=Wire Out2\19
Added Member To Class: ClassName=U1\20_Nets Member=Wire Out2\20
Added Member To Class: ClassName=U1\21_Nets Member=Wire Out2\21
Added Member To Class: ClassName=U1\22_Nets Member=Wire Out2\22
Added Member To Class: ClassName=U1\23_Nets Member=Wire Out2\23
Added Member To Class: ClassName=U1\24_Nets Member=Wire Out2\24
Added Member To Class: ClassName=U1\25_Nets Member=Wire Out2\25
Added Member To Class: ClassName=U1\26_Nets Member=Wire Out2\26
Added Member To Class: ClassName=U1\27_Nets Member=Wire Out2\27
Added Member To Class: ClassName=U1\28_Nets Member=Wire Out2\28
Added Member To Class: ClassName=U1\29_Nets Member=Wire Out2\29
Added Member To Class: ClassName=U1\30_Nets Member=Wire Out2\30
Added Member To Class: ClassName=U1\31_Nets Member=Wire Out2\31
Added Member To Class: ClassName=U1\32_Nets Member=Wire Out2\32
