Change Net Name : Old Net Name=OUTA_1A New Net Name=Out1A
Change Net Name : Old Net Name=OUTA_1AA New Net Name=Out1AA
Change Net Name : Old Net Name=OUTA_1AB New Net Name=Out1AB
Change Net Name : Old Net Name=OUTA_1AC New Net Name=Out1AC
Change Net Name : Old Net Name=OUTA_1AD New Net Name=Out1AD
Change Net Name : Old Net Name=OUTA_1AE New Net Name=Out1AE
Change Net Name : Old Net Name=OUTA_1AF New Net Name=Out1AF
Change Net Name : Old Net Name=OUTA_1B New Net Name=Out1B
Change Net Name : Old Net Name=OUTA_1C New Net Name=Out1C
Change Net Name : Old Net Name=OUTA_1D New Net Name=Out1D
Change Net Name : Old Net Name=OUTA_1E New Net Name=Out1E
Change Net Name : Old Net Name=OUTA_1F New Net Name=Out1F
Change Net Name : Old Net Name=OUTA_1G New Net Name=Out1G
Change Net Name : Old Net Name=OUTA_1H New Net Name=Out1H
Change Net Name : Old Net Name=OUTA_1I New Net Name=Out1I
Change Net Name : Old Net Name=OUTA_1J New Net Name=Out1J
Change Net Name : Old Net Name=OUTA_1K New Net Name=Out1K
Change Net Name : Old Net Name=OUTA_1L New Net Name=Out1L
Change Net Name : Old Net Name=OUTA_1M New Net Name=Out1M
Change Net Name : Old Net Name=OUTA_1N New Net Name=Out1N
Change Net Name : Old Net Name=OUTA_1O New Net Name=Out1O
Change Net Name : Old Net Name=OUTA_1P New Net Name=Out1P
Change Net Name : Old Net Name=OUTA_1Q New Net Name=Out1Q
Change Net Name : Old Net Name=OUTA_1R New Net Name=Out1R
Change Net Name : Old Net Name=OUTA_1S New Net Name=Out1S
Change Net Name : Old Net Name=OUTA_1T New Net Name=Out1T
Change Net Name : Old Net Name=OUTA_1U New Net Name=Out1U
Change Net Name : Old Net Name=OUTA_1V New Net Name=Out1V
Change Net Name : Old Net Name=OUTA_1W New Net Name=Out1W
Change Net Name : Old Net Name=OUTA_1X New Net Name=Out1X
Change Net Name : Old Net Name=OUTA_1Y New Net Name=Out1Y
Change Net Name : Old Net Name=OUTA_1Z New Net Name=Out1Z
Change Net Name : Old Net Name=OUTB_1A New Net Name=Out2A
Change Net Name : Old Net Name=OUTB_1AA New Net Name=Out2AA
Change Net Name : Old Net Name=OUTB_1AB New Net Name=Out2AB
Change Net Name : Old Net Name=OUTB_1AC New Net Name=Out2AC
Change Net Name : Old Net Name=OUTB_1AD New Net Name=Out2AD
Change Net Name : Old Net Name=OUTB_1AE New Net Name=Out2AE
Change Net Name : Old Net Name=OUTB_1AF New Net Name=Out2AF
Change Net Name : Old Net Name=OUTB_1B New Net Name=Out2B
Change Net Name : Old Net Name=OUTB_1C New Net Name=Out2C
Change Net Name : Old Net Name=OUTB_1D New Net Name=Out2D
Change Net Name : Old Net Name=OUTB_1E New Net Name=Out2E
Change Net Name : Old Net Name=OUTB_1F New Net Name=Out2F
Change Net Name : Old Net Name=OUTB_1G New Net Name=Out2G
Change Net Name : Old Net Name=OUTB_1H New Net Name=Out2H
Change Net Name : Old Net Name=OUTB_1I New Net Name=Out2I
Change Net Name : Old Net Name=OUTB_1J New Net Name=Out2J
Change Net Name : Old Net Name=OUTB_1K New Net Name=Out2K
Change Net Name : Old Net Name=OUTB_1L New Net Name=Out2L
Change Net Name : Old Net Name=OUTB_1M New Net Name=Out2M
Change Net Name : Old Net Name=OUTB_1N New Net Name=Out2N
Change Net Name : Old Net Name=OUTB_1O New Net Name=Out2O
Change Net Name : Old Net Name=OUTB_1P New Net Name=Out2P
Change Net Name : Old Net Name=OUTB_1Q New Net Name=Out2Q
Change Net Name : Old Net Name=OUTB_1R New Net Name=Out2R
Change Net Name : Old Net Name=OUTB_1S New Net Name=Out2S
Change Net Name : Old Net Name=OUTB_1T New Net Name=Out2T
Change Net Name : Old Net Name=OUTB_1U New Net Name=Out2U
Change Net Name : Old Net Name=OUTB_1V New Net Name=Out2V
Change Net Name : Old Net Name=OUTB_1W New Net Name=Out2W
Change Net Name : Old Net Name=OUTB_1X New Net Name=Out2X
Change Net Name : Old Net Name=OUTB_1Y New Net Name=Out2Y
Change Net Name : Old Net Name=OUTB_1Z New Net Name=Out2Z
