Removed Pin From Net: NetName=GND Pin=P1-1
Removed Pin From Net: NetName=sigB29 Pin=P1-2
Removed Pin From Net: NetName=sigA29 Pin=P1-3
Removed Pin From Net: NetName=sigB25 Pin=P1-4
Removed Pin From Net: NetName=sigA25 Pin=P1-5
Removed Pin From Net: NetName=sigB21 Pin=P1-6
Removed Pin From Net: NetName=sigA21 Pin=P1-7
Removed Pin From Net: NetName=sigB17 Pin=P1-8
Removed Pin From Net: NetName=sigA17 Pin=P1-9
Removed Pin From Net: NetName=GND Pin=P1-10
Removed Pin From Net: NetName=sigA30 Pin=P1-12
Removed Pin From Net: NetName=sigB30 Pin=P1-13
Removed Pin From Net: NetName=sigA26 Pin=P1-14
Removed Pin From Net: NetName=sigB26 Pin=P1-15
Removed Pin From Net: NetName=sigA22 Pin=P1-16
Removed Pin From Net: NetName=sigB22 Pin=P1-17
Removed Pin From Net: NetName=sigA18 Pin=P1-18
Removed Pin From Net: NetName=sigB18 Pin=P1-19
Removed Pin From Net: NetName=GND Pin=P2-1
Removed Pin From Net: NetName=sigB13 Pin=P2-2
Removed Pin From Net: NetName=sigA13 Pin=P2-3
Removed Pin From Net: NetName=sigB9 Pin=P2-4
Removed Pin From Net: NetName=sigA9 Pin=P2-5
Removed Pin From Net: NetName=sigB5 Pin=P2-6
Removed Pin From Net: NetName=sigA5 Pin=P2-7
Removed Pin From Net: NetName=sigB1 Pin=P2-8
Removed Pin From Net: NetName=sigA1 Pin=P2-9
Removed Pin From Net: NetName=GND Pin=P2-10
Removed Pin From Net: NetName=VS Pin=P2-11
Removed Pin From Net: NetName=sigA14 Pin=P2-12
Removed Pin From Net: NetName=sigB14 Pin=P2-13
Removed Pin From Net: NetName=sigA10 Pin=P2-14
Removed Pin From Net: NetName=sigB10 Pin=P2-15
Removed Pin From Net: NetName=sigA6 Pin=P2-16
Removed Pin From Net: NetName=sigB6 Pin=P2-17
Removed Pin From Net: NetName=sigA2 Pin=P2-18
Removed Pin From Net: NetName=sigB2 Pin=P2-19
Removed Pin From Net: NetName=GND Pin=P3-1
Removed Pin From Net: NetName=sigB31 Pin=P3-2
Removed Pin From Net: NetName=sigA31 Pin=P3-3
Removed Pin From Net: NetName=sigB27 Pin=P3-4
Removed Pin From Net: NetName=sigA27 Pin=P3-5
Removed Pin From Net: NetName=sigB23 Pin=P3-6
Removed Pin From Net: NetName=sigA23 Pin=P3-7
Removed Pin From Net: NetName=sigB19 Pin=P3-8
Removed Pin From Net: NetName=sigA19 Pin=P3-9
Removed Pin From Net: NetName=GND Pin=P3-10
Removed Pin From Net: NetName=VS Pin=P3-11
Removed Pin From Net: NetName=sigA32 Pin=P3-12
Removed Pin From Net: NetName=sigB32 Pin=P3-13
Removed Pin From Net: NetName=sigA28 Pin=P3-14
Removed Pin From Net: NetName=sigB28 Pin=P3-15
Removed Pin From Net: NetName=sigA24 Pin=P3-16
Removed Pin From Net: NetName=sigB24 Pin=P3-17
Removed Pin From Net: NetName=sigA20 Pin=P3-18
Removed Pin From Net: NetName=sigB20 Pin=P3-19
Removed Pin From Net: NetName=GND Pin=P4-1
Removed Pin From Net: NetName=sigB15 Pin=P4-2
Removed Pin From Net: NetName=sigA15 Pin=P4-3
Removed Pin From Net: NetName=sigB11 Pin=P4-4
Removed Pin From Net: NetName=sigA11 Pin=P4-5
Removed Pin From Net: NetName=sigB7 Pin=P4-6
Removed Pin From Net: NetName=sigA7 Pin=P4-7
Removed Pin From Net: NetName=sigB3 Pin=P4-8
Removed Pin From Net: NetName=sigA3 Pin=P4-9
Removed Pin From Net: NetName=GND Pin=P4-10
Removed Pin From Net: NetName=VS Pin=P4-11
Removed Pin From Net: NetName=sigA16 Pin=P4-12
Removed Pin From Net: NetName=sigB16 Pin=P4-13
Removed Pin From Net: NetName=sigA12 Pin=P4-14
Removed Pin From Net: NetName=sigB12 Pin=P4-15
Removed Pin From Net: NetName=sigA8 Pin=P4-16
Removed Pin From Net: NetName=sigB8 Pin=P4-17
Removed Pin From Net: NetName=sigA4 Pin=P4-18
Removed Pin From Net: NetName=sigB4 Pin=P4-19
Removed Pin From Net: NetName=VS Pin=P4-20
Removed Member From Class: ClassName=ToBreakout Member=P1
Removed Member From Class: ClassName=ToBreakout Member=P2
Removed Member From Class: ClassName=ToBreakout Member=P3
Removed Member From Class: ClassName=ToBreakout Member=P4
Removed Member From Class: ClassName=P3_Nets Member=VS
Added Component: Designator=J1(SAMTEC_SSW-110-22-G-D-VS)
Add component (AddParameter): Name = "Availability"; Value = "Unavailable"; VariantName = "[No Variations]"
Add component (AddParameter): Name = "MF"; Value = "Samtec"; VariantName = "[No Variations]"
Add component (AddParameter): Name = "MP"; Value = "SSW-110-22-G-D-VS"; VariantName = "[No Variations]"
Add component (AddParameter): Name = "Package"; Value = "None"; VariantName = "[No Variations]"
Add component (AddParameter): Name = "Price"; Value = "None"; VariantName = "[No Variations]"
Add component (AddParameter): Name = "Value"; Value = ""; VariantName = "[No Variations]"
Added Component: Designator=J2(SAMTEC_SSW-110-22-G-D-VS)
Add component (AddParameter): Name = "Availability"; Value = "Unavailable"; VariantName = "[No Variations]"
Add component (AddParameter): Name = "MF"; Value = "Samtec"; VariantName = "[No Variations]"
Add component (AddParameter): Name = "MP"; Value = "SSW-110-22-G-D-VS"; VariantName = "[No Variations]"
Add component (AddParameter): Name = "Package"; Value = "None"; VariantName = "[No Variations]"
Add component (AddParameter): Name = "Price"; Value = "None"; VariantName = "[No Variations]"
Add component (AddParameter): Name = "Value"; Value = ""; VariantName = "[No Variations]"
Added Component: Designator=J3(SAMTEC_SSW-110-22-G-D-VS)
Add component (AddParameter): Name = "Availability"; Value = "Unavailable"; VariantName = "[No Variations]"
Add component (AddParameter): Name = "MF"; Value = "Samtec"; VariantName = "[No Variations]"
Add component (AddParameter): Name = "MP"; Value = "SSW-110-22-G-D-VS"; VariantName = "[No Variations]"
Add component (AddParameter): Name = "Package"; Value = "None"; VariantName = "[No Variations]"
Add component (AddParameter): Name = "Price"; Value = "None"; VariantName = "[No Variations]"
Add component (AddParameter): Name = "Value"; Value = ""; VariantName = "[No Variations]"
Added Component: Designator=J4(SAMTEC_SSW-110-22-G-D-VS)
Add component (AddParameter): Name = "Availability"; Value = "Unavailable"; VariantName = "[No Variations]"
Add component (AddParameter): Name = "MF"; Value = "Samtec"; VariantName = "[No Variations]"
Add component (AddParameter): Name = "MP"; Value = "SSW-110-22-G-D-VS"; VariantName = "[No Variations]"
Add component (AddParameter): Name = "Package"; Value = "None"; VariantName = "[No Variations]"
Add component (AddParameter): Name = "Price"; Value = "None"; VariantName = "[No Variations]"
Add component (AddParameter): Name = "Value"; Value = ""; VariantName = "[No Variations]"
Added Pin To Net: NetName=GND Pin=J1-01
Added Pin To Net: NetName=VS Pin=J1-02
Added Pin To Net: NetName=sigB29 Pin=J1-03
Added Pin To Net: NetName=sigA30 Pin=J1-04
Added Pin To Net: NetName=sigA29 Pin=J1-05
Added Pin To Net: NetName=sigB30 Pin=J1-06
Added Pin To Net: NetName=sigB25 Pin=J1-07
Added Pin To Net: NetName=sigA26 Pin=J1-08
Added Pin To Net: NetName=sigA25 Pin=J1-09
Added Pin To Net: NetName=sigB26 Pin=J1-10
Added Pin To Net: NetName=sigB21 Pin=J1-11
Added Pin To Net: NetName=sigA22 Pin=J1-12
Added Pin To Net: NetName=sigA21 Pin=J1-13
Added Pin To Net: NetName=sigB22 Pin=J1-14
Added Pin To Net: NetName=sigB17 Pin=J1-15
Added Pin To Net: NetName=sigA18 Pin=J1-16
Added Pin To Net: NetName=sigA17 Pin=J1-17
Added Pin To Net: NetName=sigB18 Pin=J1-18
Added Pin To Net: NetName=GND Pin=J1-19
Added Pin To Net: NetName=GND Pin=J2-01
Added Pin To Net: NetName=VS Pin=J2-02
Added Pin To Net: NetName=sigB13 Pin=J2-03
Added Pin To Net: NetName=sigA14 Pin=J2-04
Added Pin To Net: NetName=sigA13 Pin=J2-05
Added Pin To Net: NetName=sigB14 Pin=J2-06
Added Pin To Net: NetName=sigB9 Pin=J2-07
Added Pin To Net: NetName=sigA10 Pin=J2-08
Added Pin To Net: NetName=sigA9 Pin=J2-09
Added Pin To Net: NetName=sigB10 Pin=J2-10
Added Pin To Net: NetName=sigB5 Pin=J2-11
Added Pin To Net: NetName=sigA6 Pin=J2-12
Added Pin To Net: NetName=sigA5 Pin=J2-13
Added Pin To Net: NetName=sigB6 Pin=J2-14
Added Pin To Net: NetName=sigB1 Pin=J2-15
Added Pin To Net: NetName=sigA2 Pin=J2-16
Added Pin To Net: NetName=sigA1 Pin=J2-17
Added Pin To Net: NetName=sigB2 Pin=J2-18
Added Pin To Net: NetName=GND Pin=J2-19
Added Pin To Net: NetName=GND Pin=J3-01
Added Pin To Net: NetName=sigB31 Pin=J3-03
Added Pin To Net: NetName=sigA32 Pin=J3-04
Added Pin To Net: NetName=sigA31 Pin=J3-05
Added Pin To Net: NetName=sigB32 Pin=J3-06
Added Pin To Net: NetName=sigB27 Pin=J3-07
Added Pin To Net: NetName=sigA28 Pin=J3-08
Added Pin To Net: NetName=sigA27 Pin=J3-09
Added Pin To Net: NetName=sigB28 Pin=J3-10
Added Pin To Net: NetName=sigB23 Pin=J3-11
Added Pin To Net: NetName=sigA24 Pin=J3-12
Added Pin To Net: NetName=sigA23 Pin=J3-13
Added Pin To Net: NetName=sigB24 Pin=J3-14
Added Pin To Net: NetName=sigB19 Pin=J3-15
Added Pin To Net: NetName=sigA20 Pin=J3-16
Added Pin To Net: NetName=sigA19 Pin=J3-17
Added Pin To Net: NetName=sigB20 Pin=J3-18
Added Pin To Net: NetName=GND Pin=J3-19
Added Pin To Net: NetName=GND Pin=J4-01
Added Pin To Net: NetName=VS Pin=J4-02
Added Pin To Net: NetName=sigB15 Pin=J4-03
Added Pin To Net: NetName=sigA16 Pin=J4-04
Added Pin To Net: NetName=sigA15 Pin=J4-05
Added Pin To Net: NetName=sigB16 Pin=J4-06
Added Pin To Net: NetName=sigB11 Pin=J4-07
Added Pin To Net: NetName=sigA12 Pin=J4-08
Added Pin To Net: NetName=sigA11 Pin=J4-09
Added Pin To Net: NetName=sigB12 Pin=J4-10
Added Pin To Net: NetName=sigB7 Pin=J4-11
Added Pin To Net: NetName=sigA8 Pin=J4-12
Added Pin To Net: NetName=sigA7 Pin=J4-13
Added Pin To Net: NetName=sigB8 Pin=J4-14
Added Pin To Net: NetName=sigB3 Pin=J4-15
Added Pin To Net: NetName=sigA4 Pin=J4-16
Added Pin To Net: NetName=sigA3 Pin=J4-17
Added Pin To Net: NetName=sigB4 Pin=J4-18
Added Pin To Net: NetName=GND Pin=J4-19
Added Pin To Net: NetName=VS Pin=J4-20
Change Class Name : Old Net Name=P1_Nets New Net Name=J1_Nets
Change Class Name : Old Net Name=P2_Nets New Net Name=J2_Nets
Change Class Name : Old Net Name=P3_Nets New Net Name=J3_Nets
Change Class Name : Old Net Name=P4_Nets New Net Name=J4_Nets
Added Member To Class: ClassName=ToBreakout Member=Component J1 SSW-110-22-G-D-VS
Added Member To Class: ClassName=ToBreakout Member=Component J2 SSW-110-22-G-D-VS
Added Member To Class: ClassName=ToBreakout Member=Component J3 SSW-110-22-G-D-VS
Added Member To Class: ClassName=ToBreakout Member=Component J4 SSW-110-22-G-D-VS
Added Member To Class: ClassName=J1_Nets Member=Wire VS
