Removed Member From Class: ClassName=U1\1_Nets Member=Out1\1
Removed Member From Class: ClassName=U1\2_Nets Member=Out1\2
Removed Member From Class: ClassName=U1\3_Nets Member=Out1\3
Removed Member From Class: ClassName=U1\4_Nets Member=Out1\4
Removed Member From Class: ClassName=U1\5_Nets Member=Out1\5
Removed Member From Class: ClassName=U1\6_Nets Member=Out1\6
Removed Member From Class: ClassName=U1\7_Nets Member=Out1\7
Removed Member From Class: ClassName=U1\8_Nets Member=Out1\8
Removed Member From Class: ClassName=U1\9_Nets Member=Out1\9
Removed Member From Class: ClassName=U1\10_Nets Member=Out1\10
Removed Member From Class: ClassName=U1\11_Nets Member=Out1\11
Removed Member From Class: ClassName=U1\12_Nets Member=Out1\12
Removed Member From Class: ClassName=U1\13_Nets Member=Out1\13
Removed Member From Class: ClassName=U1\14_Nets Member=Out1\14
Removed Member From Class: ClassName=U1\15_Nets Member=Out1\15
Removed Member From Class: ClassName=U1\16_Nets Member=Out1\16
Removed Member From Class: ClassName=U1\17_Nets Member=Out1\17
Removed Member From Class: ClassName=U1\18_Nets Member=Out1\18
Removed Member From Class: ClassName=U1\19_Nets Member=Out1\19
Removed Member From Class: ClassName=U1\20_Nets Member=Out1\20
Removed Member From Class: ClassName=U1\21_Nets Member=Out1\21
Removed Member From Class: ClassName=U1\22_Nets Member=Out1\22
Removed Member From Class: ClassName=U1\23_Nets Member=Out1\23
Removed Member From Class: ClassName=U1\24_Nets Member=Out1\24
Removed Member From Class: ClassName=U1\25_Nets Member=Out1\25
Removed Member From Class: ClassName=U1\26_Nets Member=Out1\26
Removed Member From Class: ClassName=U1\27_Nets Member=Out1\27
Removed Member From Class: ClassName=U1\28_Nets Member=Out1\28
Removed Member From Class: ClassName=U1\29_Nets Member=Out1\29
Removed Member From Class: ClassName=U1\30_Nets Member=Out1\30
Removed Member From Class: ClassName=U1\31_Nets Member=Out1\31
Removed Member From Class: ClassName=U1\32_Nets Member=Out1\32
Removed Member From Class: ClassName=U1\1_Nets Member=Out2\1
Removed Member From Class: ClassName=U1\2_Nets Member=Out2\2
Removed Member From Class: ClassName=U1\3_Nets Member=Out2\3
Removed Member From Class: ClassName=U1\4_Nets Member=Out2\4
Removed Member From Class: ClassName=U1\5_Nets Member=Out2\5
Removed Member From Class: ClassName=U1\6_Nets Member=Out2\6
Removed Member From Class: ClassName=U1\7_Nets Member=Out2\7
Removed Member From Class: ClassName=U1\8_Nets Member=Out2\8
Removed Member From Class: ClassName=U1\9_Nets Member=Out2\9
Removed Member From Class: ClassName=U1\10_Nets Member=Out2\10
Removed Member From Class: ClassName=U1\11_Nets Member=Out2\11
Removed Member From Class: ClassName=U1\12_Nets Member=Out2\12
Removed Member From Class: ClassName=U1\13_Nets Member=Out2\13
Removed Member From Class: ClassName=U1\14_Nets Member=Out2\14
Removed Member From Class: ClassName=U1\15_Nets Member=Out2\15
Removed Member From Class: ClassName=U1\16_Nets Member=Out2\16
Removed Member From Class: ClassName=U1\17_Nets Member=Out2\17
Removed Member From Class: ClassName=U1\18_Nets Member=Out2\18
Removed Member From Class: ClassName=U1\19_Nets Member=Out2\19
Removed Member From Class: ClassName=U1\20_Nets Member=Out2\20
Removed Member From Class: ClassName=U1\21_Nets Member=Out2\21
Removed Member From Class: ClassName=U1\22_Nets Member=Out2\22
Removed Member From Class: ClassName=U1\23_Nets Member=Out2\23
Removed Member From Class: ClassName=U1\24_Nets Member=Out2\24
Removed Member From Class: ClassName=U1\25_Nets Member=Out2\25
Removed Member From Class: ClassName=U1\26_Nets Member=Out2\26
Removed Member From Class: ClassName=U1\27_Nets Member=Out2\27
Removed Member From Class: ClassName=U1\28_Nets Member=Out2\28
Removed Member From Class: ClassName=U1\29_Nets Member=Out2\29
Removed Member From Class: ClassName=U1\30_Nets Member=Out2\30
Removed Member From Class: ClassName=U1\31_Nets Member=Out2\31
Removed Member From Class: ClassName=U1\32_Nets Member=Out2\32
Change Component Designator: OldDesignator=1\1 NewDesignator=1.1
Change Component Designator: OldDesignator=1\2 NewDesignator=1.2
Change Component Designator: OldDesignator=1\3 NewDesignator=1.3
Change Component Designator: OldDesignator=1\4 NewDesignator=1.4
Change Component Designator: OldDesignator=1\5 NewDesignator=1.5
Change Component Designator: OldDesignator=1\6 NewDesignator=1.6
Change Component Designator: OldDesignator=1\7 NewDesignator=1.7
Change Component Designator: OldDesignator=1\8 NewDesignator=1.8
Change Component Designator: OldDesignator=1\9 NewDesignator=1.9
Change Component Designator: OldDesignator=1\10 NewDesignator=1.10
Change Component Designator: OldDesignator=1\11 NewDesignator=1.11
Change Component Designator: OldDesignator=1\12 NewDesignator=1.12
Change Component Designator: OldDesignator=1\13 NewDesignator=1.13
Change Component Designator: OldDesignator=1\14 NewDesignator=1.14
Change Component Designator: OldDesignator=1\15 NewDesignator=1.15
Change Component Designator: OldDesignator=1\16 NewDesignator=1.16
Change Component Designator: OldDesignator=1\17 NewDesignator=1.17
Change Component Designator: OldDesignator=1\18 NewDesignator=1.18
Change Component Designator: OldDesignator=1\19 NewDesignator=1.19
Change Component Designator: OldDesignator=1\20 NewDesignator=1.20
Change Component Designator: OldDesignator=1\21 NewDesignator=1.21
Change Component Designator: OldDesignator=1\22 NewDesignator=1.22
Change Component Designator: OldDesignator=1\23 NewDesignator=1.23
Change Component Designator: OldDesignator=1\24 NewDesignator=1.24
Change Component Designator: OldDesignator=1\25 NewDesignator=1.25
Change Component Designator: OldDesignator=1\26 NewDesignator=1.26
Change Component Designator: OldDesignator=1\27 NewDesignator=1.27
Change Component Designator: OldDesignator=1\28 NewDesignator=1.28
Change Component Designator: OldDesignator=1\29 NewDesignator=1.29
Change Component Designator: OldDesignator=1\30 NewDesignator=1.30
Change Component Designator: OldDesignator=1\31 NewDesignator=1.31
Change Component Designator: OldDesignator=1\32 NewDesignator=1.32
Change Component Designator: OldDesignator=2\1 NewDesignator=2.1
Change Component Designator: OldDesignator=2\2 NewDesignator=2.2
Change Component Designator: OldDesignator=2\3 NewDesignator=2.3
Change Component Designator: OldDesignator=2\4 NewDesignator=2.4
Change Component Designator: OldDesignator=2\5 NewDesignator=2.5
Change Component Designator: OldDesignator=2\6 NewDesignator=2.6
Change Component Designator: OldDesignator=2\7 NewDesignator=2.7
Change Component Designator: OldDesignator=2\8 NewDesignator=2.8
Change Component Designator: OldDesignator=2\9 NewDesignator=2.9
Change Component Designator: OldDesignator=2\10 NewDesignator=2.10
Change Component Designator: OldDesignator=2\11 NewDesignator=2.11
Change Component Designator: OldDesignator=2\12 NewDesignator=2.12
Change Component Designator: OldDesignator=2\13 NewDesignator=2.13
Change Component Designator: OldDesignator=2\14 NewDesignator=2.14
Change Component Designator: OldDesignator=2\15 NewDesignator=2.15
Change Component Designator: OldDesignator=2\16 NewDesignator=2.16
Change Component Designator: OldDesignator=2\17 NewDesignator=2.17
Change Component Designator: OldDesignator=2\18 NewDesignator=2.18
Change Component Designator: OldDesignator=2\19 NewDesignator=2.19
Change Component Designator: OldDesignator=2\20 NewDesignator=2.20
Change Component Designator: OldDesignator=2\21 NewDesignator=2.21
Change Component Designator: OldDesignator=2\22 NewDesignator=2.22
Change Component Designator: OldDesignator=2\23 NewDesignator=2.23
Change Component Designator: OldDesignator=2\24 NewDesignator=2.24
Change Component Designator: OldDesignator=2\25 NewDesignator=2.25
Change Component Designator: OldDesignator=2\26 NewDesignator=2.26
Change Component Designator: OldDesignator=2\27 NewDesignator=2.27
Change Component Designator: OldDesignator=2\28 NewDesignator=2.28
Change Component Designator: OldDesignator=2\29 NewDesignator=2.29
Change Component Designator: OldDesignator=2\30 NewDesignator=2.30
Change Component Designator: OldDesignator=2\31 NewDesignator=2.31
Change Component Designator: OldDesignator=2\32 NewDesignator=2.32
Change Component Designator: OldDesignator=C1\1 NewDesignator=C1.1
Change Component Designator: OldDesignator=C1\2 NewDesignator=C1.2
Change Component Designator: OldDesignator=C1\3 NewDesignator=C1.3
Change Component Designator: OldDesignator=C1\4 NewDesignator=C1.4
Change Component Designator: OldDesignator=C1\5 NewDesignator=C1.5
Change Component Designator: OldDesignator=C1\6 NewDesignator=C1.6
Change Component Designator: OldDesignator=C1\7 NewDesignator=C1.7
Change Component Designator: OldDesignator=C1\8 NewDesignator=C1.8
Change Component Designator: OldDesignator=C1\9 NewDesignator=C1.9
Change Component Designator: OldDesignator=C1\10 NewDesignator=C1.10
Change Component Designator: OldDesignator=C1\11 NewDesignator=C1.11
Change Component Designator: OldDesignator=C1\12 NewDesignator=C1.12
Change Component Designator: OldDesignator=C1\13 NewDesignator=C1.13
Change Component Designator: OldDesignator=C1\14 NewDesignator=C1.14
Change Component Designator: OldDesignator=C1\15 NewDesignator=C1.15
Change Component Designator: OldDesignator=C1\16 NewDesignator=C1.16
Change Component Designator: OldDesignator=C1\17 NewDesignator=C1.17
Change Component Designator: OldDesignator=C1\18 NewDesignator=C1.18
Change Component Designator: OldDesignator=C1\19 NewDesignator=C1.19
Change Component Designator: OldDesignator=C1\20 NewDesignator=C1.20
Change Component Designator: OldDesignator=C1\21 NewDesignator=C1.21
Change Component Designator: OldDesignator=C1\22 NewDesignator=C1.22
Change Component Designator: OldDesignator=C1\23 NewDesignator=C1.23
Change Component Designator: OldDesignator=C1\24 NewDesignator=C1.24
Change Component Designator: OldDesignator=C1\25 NewDesignator=C1.25
Change Component Designator: OldDesignator=C1\26 NewDesignator=C1.26
Change Component Designator: OldDesignator=C1\27 NewDesignator=C1.27
Change Component Designator: OldDesignator=C1\28 NewDesignator=C1.28
Change Component Designator: OldDesignator=C1\29 NewDesignator=C1.29
Change Component Designator: OldDesignator=C1\30 NewDesignator=C1.30
Change Component Designator: OldDesignator=C1\31 NewDesignator=C1.31
Change Component Designator: OldDesignator=C1\32 NewDesignator=C1.32
Change Component Designator: OldDesignator=U1\1 NewDesignator=U1.1
Change Component Designator: OldDesignator=U1\2 NewDesignator=U1.2
Change Component Designator: OldDesignator=U1\3 NewDesignator=U1.3
Change Component Designator: OldDesignator=U1\4 NewDesignator=U1.4
Change Component Designator: OldDesignator=U1\5 NewDesignator=U1.5
Change Component Designator: OldDesignator=U1\6 NewDesignator=U1.6
Change Component Designator: OldDesignator=U1\7 NewDesignator=U1.7
Change Component Designator: OldDesignator=U1\8 NewDesignator=U1.8
Change Component Designator: OldDesignator=U1\9 NewDesignator=U1.9
Change Component Designator: OldDesignator=U1\10 NewDesignator=U1.10
Change Component Designator: OldDesignator=U1\11 NewDesignator=U1.11
Change Component Designator: OldDesignator=U1\12 NewDesignator=U1.12
Change Component Designator: OldDesignator=U1\13 NewDesignator=U1.13
Change Component Designator: OldDesignator=U1\14 NewDesignator=U1.14
Change Component Designator: OldDesignator=U1\15 NewDesignator=U1.15
Change Component Designator: OldDesignator=U1\16 NewDesignator=U1.16
Change Component Designator: OldDesignator=U1\17 NewDesignator=U1.17
Change Component Designator: OldDesignator=U1\18 NewDesignator=U1.18
Change Component Designator: OldDesignator=U1\19 NewDesignator=U1.19
Change Component Designator: OldDesignator=U1\20 NewDesignator=U1.20
Change Component Designator: OldDesignator=U1\21 NewDesignator=U1.21
Change Component Designator: OldDesignator=U1\22 NewDesignator=U1.22
Change Component Designator: OldDesignator=U1\23 NewDesignator=U1.23
Change Component Designator: OldDesignator=U1\24 NewDesignator=U1.24
Change Component Designator: OldDesignator=U1\25 NewDesignator=U1.25
Change Component Designator: OldDesignator=U1\26 NewDesignator=U1.26
Change Component Designator: OldDesignator=U1\27 NewDesignator=U1.27
Change Component Designator: OldDesignator=U1\28 NewDesignator=U1.28
Change Component Designator: OldDesignator=U1\29 NewDesignator=U1.29
Change Component Designator: OldDesignator=U1\30 NewDesignator=U1.30
Change Component Designator: OldDesignator=U1\31 NewDesignator=U1.31
Change Component Designator: OldDesignator=U1\32 NewDesignator=U1.32
Change Net Name : Old Net Name=Out1\1 New Net Name=Out1.1
Change Net Name : Old Net Name=Out1\2 New Net Name=Out1.2
Change Net Name : Old Net Name=Out1\3 New Net Name=Out1.3
Change Net Name : Old Net Name=Out1\4 New Net Name=Out1.4
Change Net Name : Old Net Name=Out1\5 New Net Name=Out1.5
Change Net Name : Old Net Name=Out1\6 New Net Name=Out1.6
Change Net Name : Old Net Name=Out1\7 New Net Name=Out1.7
Change Net Name : Old Net Name=Out1\8 New Net Name=Out1.8
Change Net Name : Old Net Name=Out1\9 New Net Name=Out1.9
Change Net Name : Old Net Name=Out1\10 New Net Name=Out1.10
Change Net Name : Old Net Name=Out1\11 New Net Name=Out1.11
Change Net Name : Old Net Name=Out1\12 New Net Name=Out1.12
Change Net Name : Old Net Name=Out1\13 New Net Name=Out1.13
Change Net Name : Old Net Name=Out1\14 New Net Name=Out1.14
Change Net Name : Old Net Name=Out1\15 New Net Name=Out1.15
Change Net Name : Old Net Name=Out1\16 New Net Name=Out1.16
Change Net Name : Old Net Name=Out1\17 New Net Name=Out1.17
Change Net Name : Old Net Name=Out1\18 New Net Name=Out1.18
Change Net Name : Old Net Name=Out1\19 New Net Name=Out1.19
Change Net Name : Old Net Name=Out1\20 New Net Name=Out1.20
Change Net Name : Old Net Name=Out1\21 New Net Name=Out1.21
Change Net Name : Old Net Name=Out1\22 New Net Name=Out1.22
Change Net Name : Old Net Name=Out1\23 New Net Name=Out1.23
Change Net Name : Old Net Name=Out1\24 New Net Name=Out1.24
Change Net Name : Old Net Name=Out1\25 New Net Name=Out1.25
Change Net Name : Old Net Name=Out1\26 New Net Name=Out1.26
Change Net Name : Old Net Name=Out1\27 New Net Name=Out1.27
Change Net Name : Old Net Name=Out1\28 New Net Name=Out1.28
Change Net Name : Old Net Name=Out1\29 New Net Name=Out1.29
Change Net Name : Old Net Name=Out1\30 New Net Name=Out1.30
Change Net Name : Old Net Name=Out1\31 New Net Name=Out1.31
Change Net Name : Old Net Name=Out1\32 New Net Name=Out1.32
Change Net Name : Old Net Name=Out2\1 New Net Name=Out2.1
Change Net Name : Old Net Name=Out2\2 New Net Name=Out2.2
Change Net Name : Old Net Name=Out2\3 New Net Name=Out2.3
Change Net Name : Old Net Name=Out2\4 New Net Name=Out2.4
Change Net Name : Old Net Name=Out2\5 New Net Name=Out2.5
Change Net Name : Old Net Name=Out2\6 New Net Name=Out2.6
Change Net Name : Old Net Name=Out2\7 New Net Name=Out2.7
Change Net Name : Old Net Name=Out2\8 New Net Name=Out2.8
Change Net Name : Old Net Name=Out2\9 New Net Name=Out2.9
Change Net Name : Old Net Name=Out2\10 New Net Name=Out2.10
Change Net Name : Old Net Name=Out2\11 New Net Name=Out2.11
Change Net Name : Old Net Name=Out2\12 New Net Name=Out2.12
Change Net Name : Old Net Name=Out2\13 New Net Name=Out2.13
Change Net Name : Old Net Name=Out2\14 New Net Name=Out2.14
Change Net Name : Old Net Name=Out2\15 New Net Name=Out2.15
Change Net Name : Old Net Name=Out2\16 New Net Name=Out2.16
Change Net Name : Old Net Name=Out2\17 New Net Name=Out2.17
Change Net Name : Old Net Name=Out2\18 New Net Name=Out2.18
Change Net Name : Old Net Name=Out2\19 New Net Name=Out2.19
Change Net Name : Old Net Name=Out2\20 New Net Name=Out2.20
Change Net Name : Old Net Name=Out2\21 New Net Name=Out2.21
Change Net Name : Old Net Name=Out2\22 New Net Name=Out2.22
Change Net Name : Old Net Name=Out2\23 New Net Name=Out2.23
Change Net Name : Old Net Name=Out2\24 New Net Name=Out2.24
Change Net Name : Old Net Name=Out2\25 New Net Name=Out2.25
Change Net Name : Old Net Name=Out2\26 New Net Name=Out2.26
Change Net Name : Old Net Name=Out2\27 New Net Name=Out2.27
Change Net Name : Old Net Name=Out2\28 New Net Name=Out2.28
Change Net Name : Old Net Name=Out2\29 New Net Name=Out2.29
Change Net Name : Old Net Name=Out2\30 New Net Name=Out2.30
Change Net Name : Old Net Name=Out2\31 New Net Name=Out2.31
Change Net Name : Old Net Name=Out2\32 New Net Name=Out2.32
Change Class Name : Old Net Name=C1\12_Nets New Net Name=C1.11_Nets
Change Class Name : Old Net Name=C1\13_Nets New Net Name=C1.12_Nets
Change Class Name : Old Net Name=U1\1_Nets New Net Name=U1.1_Nets
Change Class Name : Old Net Name=U1\2_Nets New Net Name=U1.2_Nets
Change Class Name : Old Net Name=U1\3_Nets New Net Name=U1.3_Nets
Change Class Name : Old Net Name=U1\4_Nets New Net Name=U1.4_Nets
Change Class Name : Old Net Name=U1\5_Nets New Net Name=U1.5_Nets
Change Class Name : Old Net Name=U1\6_Nets New Net Name=U1.6_Nets
Change Class Name : Old Net Name=U1\7_Nets New Net Name=U1.7_Nets
Change Class Name : Old Net Name=U1\8_Nets New Net Name=U1.8_Nets
Change Class Name : Old Net Name=U1\9_Nets New Net Name=U1.9_Nets
Change Class Name : Old Net Name=U1\10_Nets New Net Name=U1.10_Nets
Change Class Name : Old Net Name=U1\11_Nets New Net Name=U1.11_Nets
Change Class Name : Old Net Name=U1\12_Nets New Net Name=U1.12_Nets
Change Class Name : Old Net Name=U1\13_Nets New Net Name=U1.13_Nets
Change Class Name : Old Net Name=U1\14_Nets New Net Name=U1.14_Nets
Change Class Name : Old Net Name=U1\15_Nets New Net Name=U1.15_Nets
Change Class Name : Old Net Name=U1\16_Nets New Net Name=U1.16_Nets
Change Class Name : Old Net Name=U1\17_Nets New Net Name=U1.17_Nets
Change Class Name : Old Net Name=U1\18_Nets New Net Name=U1.18_Nets
Change Class Name : Old Net Name=U1\19_Nets New Net Name=U1.19_Nets
Change Class Name : Old Net Name=U1\20_Nets New Net Name=U1.20_Nets
Change Class Name : Old Net Name=U1\21_Nets New Net Name=U1.21_Nets
Change Class Name : Old Net Name=U1\22_Nets New Net Name=U1.22_Nets
Change Class Name : Old Net Name=U1\23_Nets New Net Name=U1.23_Nets
Change Class Name : Old Net Name=U1\24_Nets New Net Name=U1.24_Nets
Change Class Name : Old Net Name=U1\25_Nets New Net Name=U1.25_Nets
Change Class Name : Old Net Name=U1\26_Nets New Net Name=U1.26_Nets
Change Class Name : Old Net Name=U1\27_Nets New Net Name=U1.27_Nets
Change Class Name : Old Net Name=U1\28_Nets New Net Name=U1.28_Nets
Change Class Name : Old Net Name=U1\29_Nets New Net Name=U1.29_Nets
Change Class Name : Old Net Name=U1\30_Nets New Net Name=U1.30_Nets
Change Class Name : Old Net Name=U1\31_Nets New Net Name=U1.31_Nets
Change Class Name : Old Net Name=U1\32_Nets New Net Name=U1.32_Nets
Added Class: Name=1.1_Nets
Added Class: Name=1.2_Nets
Added Class: Name=1.3_Nets
Added Class: Name=1.4_Nets
Added Class: Name=1.5_Nets
Added Class: Name=1.6_Nets
Added Class: Name=1.7_Nets
Added Class: Name=1.8_Nets
Added Class: Name=1.9_Nets
Added Class: Name=1.10_Nets
Added Class: Name=1.11_Nets
Added Class: Name=1.12_Nets
Added Class: Name=1.13_Nets
Added Class: Name=1.14_Nets
Added Class: Name=1.15_Nets
Added Class: Name=1.16_Nets
Added Class: Name=1.17_Nets
Added Class: Name=1.18_Nets
Added Class: Name=1.19_Nets
Added Class: Name=1.20_Nets
Added Class: Name=1.21_Nets
Added Class: Name=1.22_Nets
Added Class: Name=1.23_Nets
Added Class: Name=1.24_Nets
Added Class: Name=1.25_Nets
Added Class: Name=1.26_Nets
Added Class: Name=1.27_Nets
Added Class: Name=1.28_Nets
Added Class: Name=1.29_Nets
Added Class: Name=1.30_Nets
Added Class: Name=1.31_Nets
Added Class: Name=1.32_Nets
Added Class: Name=2.1_Nets
Added Class: Name=2.2_Nets
Added Class: Name=2.3_Nets
Added Class: Name=2.4_Nets
Added Class: Name=2.5_Nets
Added Class: Name=2.6_Nets
Added Class: Name=2.7_Nets
Added Class: Name=2.8_Nets
Added Class: Name=2.9_Nets
Added Class: Name=2.10_Nets
Added Class: Name=2.11_Nets
Added Class: Name=2.12_Nets
Added Class: Name=2.13_Nets
Added Class: Name=2.14_Nets
Added Class: Name=2.15_Nets
Added Class: Name=2.16_Nets
Added Class: Name=2.17_Nets
Added Class: Name=2.18_Nets
Added Class: Name=2.19_Nets
Added Class: Name=2.20_Nets
Added Class: Name=2.21_Nets
Added Class: Name=2.22_Nets
Added Class: Name=2.23_Nets
Added Class: Name=2.24_Nets
Added Class: Name=2.25_Nets
Added Class: Name=2.26_Nets
Added Class: Name=2.27_Nets
Added Class: Name=2.28_Nets
Added Class: Name=2.29_Nets
Added Class: Name=2.30_Nets
Added Class: Name=2.31_Nets
Added Class: Name=2.32_Nets
Added Class: Name=C1.1_Nets
Added Class: Name=C1.2_Nets
Added Class: Name=C1.3_Nets
Added Class: Name=C1.4_Nets
Added Class: Name=C1.5_Nets
Added Class: Name=C1.6_Nets
Added Class: Name=C1.7_Nets
Added Class: Name=C1.8_Nets
Added Class: Name=C1.9_Nets
Added Class: Name=C1.10_Nets
Added Class: Name=C1.13_Nets
Added Class: Name=C1.14_Nets
Added Class: Name=C1.15_Nets
Added Class: Name=C1.16_Nets
Added Class: Name=C1.17_Nets
Added Class: Name=C1.18_Nets
Added Class: Name=C1.19_Nets
Added Class: Name=C1.20_Nets
Added Class: Name=C1.21_Nets
Added Class: Name=C1.22_Nets
Added Class: Name=C1.23_Nets
Added Class: Name=C1.24_Nets
Added Class: Name=C1.25_Nets
Added Class: Name=C1.26_Nets
Added Class: Name=C1.27_Nets
Added Class: Name=C1.28_Nets
Added Class: Name=C1.29_Nets
Added Class: Name=C1.30_Nets
Added Class: Name=C1.31_Nets
Added Class: Name=C1.32_Nets
Added Member To Class: ClassName=U1.1_Nets Member=Wire Out1.1
Added Member To Class: ClassName=U1.2_Nets Member=Wire Out1.2
Added Member To Class: ClassName=U1.3_Nets Member=Wire Out1.3
Added Member To Class: ClassName=U1.4_Nets Member=Wire Out1.4
Added Member To Class: ClassName=U1.5_Nets Member=Wire Out1.5
Added Member To Class: ClassName=U1.6_Nets Member=Wire Out1.6
Added Member To Class: ClassName=U1.7_Nets Member=Wire Out1.7
Added Member To Class: ClassName=U1.8_Nets Member=Wire Out1.8
Added Member To Class: ClassName=U1.9_Nets Member=Wire Out1.9
Added Member To Class: ClassName=U1.10_Nets Member=Wire Out1.10
Added Member To Class: ClassName=U1.11_Nets Member=Wire Out1.11
Added Member To Class: ClassName=U1.12_Nets Member=Wire Out1.12
Added Member To Class: ClassName=U1.13_Nets Member=Wire Out1.13
Added Member To Class: ClassName=U1.14_Nets Member=Wire Out1.14
Added Member To Class: ClassName=U1.15_Nets Member=Wire Out1.15
Added Member To Class: ClassName=U1.16_Nets Member=Wire Out1.16
Added Member To Class: ClassName=U1.17_Nets Member=Wire Out1.17
Added Member To Class: ClassName=U1.18_Nets Member=Wire Out1.18
Added Member To Class: ClassName=U1.19_Nets Member=Wire Out1.19
Added Member To Class: ClassName=U1.20_Nets Member=Wire Out1.20
Added Member To Class: ClassName=U1.21_Nets Member=Wire Out1.21
Added Member To Class: ClassName=U1.22_Nets Member=Wire Out1.22
Added Member To Class: ClassName=U1.23_Nets Member=Wire Out1.23
Added Member To Class: ClassName=U1.24_Nets Member=Wire Out1.24
Added Member To Class: ClassName=U1.25_Nets Member=Wire Out1.25
Added Member To Class: ClassName=U1.26_Nets Member=Wire Out1.26
Added Member To Class: ClassName=U1.27_Nets Member=Wire Out1.27
Added Member To Class: ClassName=U1.28_Nets Member=Wire Out1.28
Added Member To Class: ClassName=U1.29_Nets Member=Wire Out1.29
Added Member To Class: ClassName=U1.30_Nets Member=Wire Out1.30
Added Member To Class: ClassName=U1.31_Nets Member=Wire Out1.31
Added Member To Class: ClassName=U1.32_Nets Member=Wire Out1.32
Added Member To Class: ClassName=U1.1_Nets Member=Wire Out2.1
Added Member To Class: ClassName=U1.2_Nets Member=Wire Out2.2
Added Member To Class: ClassName=U1.3_Nets Member=Wire Out2.3
Added Member To Class: ClassName=U1.4_Nets Member=Wire Out2.4
Added Member To Class: ClassName=U1.5_Nets Member=Wire Out2.5
Added Member To Class: ClassName=U1.6_Nets Member=Wire Out2.6
Added Member To Class: ClassName=U1.7_Nets Member=Wire Out2.7
Added Member To Class: ClassName=U1.8_Nets Member=Wire Out2.8
Added Member To Class: ClassName=U1.9_Nets Member=Wire Out2.9
Added Member To Class: ClassName=U1.10_Nets Member=Wire Out2.10
Added Member To Class: ClassName=U1.11_Nets Member=Wire Out2.11
Added Member To Class: ClassName=U1.12_Nets Member=Wire Out2.12
Added Member To Class: ClassName=U1.13_Nets Member=Wire Out2.13
Added Member To Class: ClassName=U1.14_Nets Member=Wire Out2.14
Added Member To Class: ClassName=U1.15_Nets Member=Wire Out2.15
Added Member To Class: ClassName=U1.16_Nets Member=Wire Out2.16
Added Member To Class: ClassName=U1.17_Nets Member=Wire Out2.17
Added Member To Class: ClassName=U1.18_Nets Member=Wire Out2.18
Added Member To Class: ClassName=U1.19_Nets Member=Wire Out2.19
Added Member To Class: ClassName=U1.20_Nets Member=Wire Out2.20
Added Member To Class: ClassName=U1.21_Nets Member=Wire Out2.21
Added Member To Class: ClassName=U1.22_Nets Member=Wire Out2.22
Added Member To Class: ClassName=U1.23_Nets Member=Wire Out2.23
Added Member To Class: ClassName=U1.24_Nets Member=Wire Out2.24
Added Member To Class: ClassName=U1.25_Nets Member=Wire Out2.25
Added Member To Class: ClassName=U1.26_Nets Member=Wire Out2.26
Added Member To Class: ClassName=U1.27_Nets Member=Wire Out2.27
Added Member To Class: ClassName=U1.28_Nets Member=Wire Out2.28
Added Member To Class: ClassName=U1.29_Nets Member=Wire Out2.29
Added Member To Class: ClassName=U1.30_Nets Member=Wire Out2.30
Added Member To Class: ClassName=U1.31_Nets Member=Wire Out2.31
Added Member To Class: ClassName=U1.32_Nets Member=Wire Out2.32
