Removed Pin From Net: NetName=VS Pin=Header1-1
Removed Pin From Net: NetName=VS Pin=Header1-2
Removed Pin From Net: NetName=sigB29 Pin=Header1-5
Removed Pin From Net: NetName=sigA30 Pin=Header1-6
Removed Pin From Net: NetName=sigA29 Pin=Header1-7
Removed Pin From Net: NetName=sigB30 Pin=Header1-8
Removed Pin From Net: NetName=sigB25 Pin=Header1-9
Removed Pin From Net: NetName=sigA26 Pin=Header1-10
Removed Pin From Net: NetName=sigA25 Pin=Header1-11
Removed Pin From Net: NetName=sigB26 Pin=Header1-12
Removed Pin From Net: NetName=sigB21 Pin=Header1-13
Removed Pin From Net: NetName=sigA22 Pin=Header1-14
Removed Pin From Net: NetName=sigA21 Pin=Header1-15
Removed Pin From Net: NetName=sigB22 Pin=Header1-16
Removed Pin From Net: NetName=sigB17 Pin=Header1-17
Removed Pin From Net: NetName=sigA18 Pin=Header1-18
Removed Pin From Net: NetName=sigA17 Pin=Header1-19
Removed Pin From Net: NetName=sigB18 Pin=Header1-20
Removed Pin From Net: NetName=sigB13 Pin=Header1-21
Removed Pin From Net: NetName=sigA14 Pin=Header1-22
Removed Pin From Net: NetName=sigA13 Pin=Header1-23
Removed Pin From Net: NetName=sigB14 Pin=Header1-24
Removed Pin From Net: NetName=sigB9 Pin=Header1-25
Removed Pin From Net: NetName=sigA10 Pin=Header1-26
Removed Pin From Net: NetName=sigA9 Pin=Header1-27
Removed Pin From Net: NetName=sigB10 Pin=Header1-28
Removed Pin From Net: NetName=sigB5 Pin=Header1-29
Removed Pin From Net: NetName=sigA6 Pin=Header1-30
Removed Pin From Net: NetName=sigA5 Pin=Header1-31
Removed Pin From Net: NetName=sigB6 Pin=Header1-32
Removed Pin From Net: NetName=sigB1 Pin=Header1-33
Removed Pin From Net: NetName=sigA2 Pin=Header1-34
Removed Pin From Net: NetName=sigA1 Pin=Header1-35
Removed Pin From Net: NetName=sigB2 Pin=Header1-36
Removed Pin From Net: NetName=GND Pin=Header1-39
Removed Pin From Net: NetName=GND Pin=Header1-40
Removed Pin From Net: NetName=VS Pin=Header2-1
Removed Pin From Net: NetName=VS Pin=Header2-2
Removed Pin From Net: NetName=sigB31 Pin=Header2-5
Removed Pin From Net: NetName=sigA32 Pin=Header2-6
Removed Pin From Net: NetName=sigA31 Pin=Header2-7
Removed Pin From Net: NetName=sigB32 Pin=Header2-8
Removed Pin From Net: NetName=sigB27 Pin=Header2-9
Removed Pin From Net: NetName=sigA28 Pin=Header2-10
Removed Pin From Net: NetName=sigA27 Pin=Header2-11
Removed Pin From Net: NetName=sigB28 Pin=Header2-12
Removed Pin From Net: NetName=sigB23 Pin=Header2-13
Removed Pin From Net: NetName=sigA24 Pin=Header2-14
Removed Pin From Net: NetName=sigA23 Pin=Header2-15
Removed Pin From Net: NetName=sigB24 Pin=Header2-16
Removed Pin From Net: NetName=sigB19 Pin=Header2-17
Removed Pin From Net: NetName=sigA20 Pin=Header2-18
Removed Pin From Net: NetName=sigA19 Pin=Header2-19
Removed Pin From Net: NetName=sigB20 Pin=Header2-20
Removed Pin From Net: NetName=sigB15 Pin=Header2-21
Removed Pin From Net: NetName=sigA16 Pin=Header2-22
Removed Pin From Net: NetName=sigA15 Pin=Header2-23
Removed Pin From Net: NetName=sigB16 Pin=Header2-24
Removed Pin From Net: NetName=sigB11 Pin=Header2-25
Removed Pin From Net: NetName=sigA12 Pin=Header2-26
Removed Pin From Net: NetName=sigA11 Pin=Header2-27
Removed Pin From Net: NetName=sigB12 Pin=Header2-28
Removed Pin From Net: NetName=sigB7 Pin=Header2-29
Removed Pin From Net: NetName=sigA8 Pin=Header2-30
Removed Pin From Net: NetName=sigA7 Pin=Header2-31
Removed Pin From Net: NetName=sigB8 Pin=Header2-32
Removed Pin From Net: NetName=sigB3 Pin=Header2-33
Removed Pin From Net: NetName=sigA4 Pin=Header2-34
Removed Pin From Net: NetName=sigA3 Pin=Header2-35
Removed Pin From Net: NetName=sigB4 Pin=Header2-36
Removed Pin From Net: NetName=GND Pin=Header2-39
Removed Pin From Net: NetName=GND Pin=Header2-40
Removed Member From Class: ClassName=ToBreakout Member=Header1
Removed Member From Class: ClassName=ToBreakout Member=Header2
Removed Member From Class: ClassName=Header1_Nets Member=misc1
Removed Member From Class: ClassName=Header1_Nets Member=misc2
Removed Member From Class: ClassName=Header1_Nets Member=misc3
Removed Member From Class: ClassName=Header1_Nets Member=misc4
Removed Member From Class: ClassName=Header2_Nets Member=misc5
Removed Member From Class: ClassName=Header2_Nets Member=misc6
Removed Member From Class: ClassName=Header2_Nets Member=misc7
Removed Member From Class: ClassName=Header2_Nets Member=misc8
Removed Member From Class: ClassName=Header1_Nets Member=sigA17
Removed Member From Class: ClassName=Header1_Nets Member=sigA18
Removed Member From Class: ClassName=Header2_Nets Member=sigA19
Removed Member From Class: ClassName=Header2_Nets Member=sigA20
Removed Member From Class: ClassName=Header1_Nets Member=sigA21
Removed Member From Class: ClassName=Header1_Nets Member=sigA22
Removed Member From Class: ClassName=Header2_Nets Member=sigA23
Removed Member From Class: ClassName=Header2_Nets Member=sigA24
Removed Member From Class: ClassName=Header1_Nets Member=sigA25
Removed Member From Class: ClassName=Header1_Nets Member=sigA26
Removed Member From Class: ClassName=Header2_Nets Member=sigA27
Removed Member From Class: ClassName=Header2_Nets Member=sigA28
Removed Member From Class: ClassName=Header1_Nets Member=sigA29
Removed Member From Class: ClassName=Header1_Nets Member=sigA30
Removed Member From Class: ClassName=Header2_Nets Member=sigA31
Removed Member From Class: ClassName=Header2_Nets Member=sigA32
Removed Member From Class: ClassName=Header1_Nets Member=sigB17
Removed Member From Class: ClassName=Header1_Nets Member=sigB18
Removed Member From Class: ClassName=Header2_Nets Member=sigB19
Removed Member From Class: ClassName=Header2_Nets Member=sigB20
Removed Member From Class: ClassName=Header1_Nets Member=sigB21
Removed Member From Class: ClassName=Header1_Nets Member=sigB22
Removed Member From Class: ClassName=Header2_Nets Member=sigB23
Removed Member From Class: ClassName=Header2_Nets Member=sigB24
Removed Member From Class: ClassName=Header1_Nets Member=sigB25
Removed Member From Class: ClassName=Header1_Nets Member=sigB26
Removed Member From Class: ClassName=Header2_Nets Member=sigB27
Removed Member From Class: ClassName=Header2_Nets Member=sigB28
Removed Member From Class: ClassName=Header1_Nets Member=sigB29
Removed Member From Class: ClassName=Header1_Nets Member=sigB30
Removed Member From Class: ClassName=Header2_Nets Member=sigB31
Removed Member From Class: ClassName=Header2_Nets Member=sigB32
Added Component: Designator=P1(HDR2X10_CEN)
Add component (AddParameter): Name = "LatestRevisionDate"; Value = "17-Jul-2002"; VariantName = "[No Variations]"
Add component (AddParameter): Name = "LatestRevisionNote"; Value = "Re-released for DXP Platform."; VariantName = "[No Variations]"
Add component (AddParameter): Name = "Publisher"; Value = "Altium Limited"; VariantName = "[No Variations]"
Added Component: Designator=P2(HDR2X10_CEN)
Add component (AddParameter): Name = "LatestRevisionDate"; Value = "17-Jul-2002"; VariantName = "[No Variations]"
Add component (AddParameter): Name = "LatestRevisionNote"; Value = "Re-released for DXP Platform."; VariantName = "[No Variations]"
Add component (AddParameter): Name = "Publisher"; Value = "Altium Limited"; VariantName = "[No Variations]"
Added Component: Designator=P3(HDR2X10_CEN)
Add component (AddParameter): Name = "LatestRevisionDate"; Value = "17-Jul-2002"; VariantName = "[No Variations]"
Add component (AddParameter): Name = "LatestRevisionNote"; Value = "Re-released for DXP Platform."; VariantName = "[No Variations]"
Add component (AddParameter): Name = "Publisher"; Value = "Altium Limited"; VariantName = "[No Variations]"
Added Component: Designator=P4(HDR2X10_CEN)
Add component (AddParameter): Name = "LatestRevisionDate"; Value = "17-Jul-2002"; VariantName = "[No Variations]"
Add component (AddParameter): Name = "LatestRevisionNote"; Value = "Re-released for DXP Platform."; VariantName = "[No Variations]"
Add component (AddParameter): Name = "Publisher"; Value = "Altium Limited"; VariantName = "[No Variations]"
Added Pin To Net: NetName=GND Pin=P1-1
Added Pin To Net: NetName=sigB29 Pin=P1-2
Added Pin To Net: NetName=sigA29 Pin=P1-3
Added Pin To Net: NetName=sigB25 Pin=P1-4
Added Pin To Net: NetName=sigA25 Pin=P1-5
Added Pin To Net: NetName=sigB21 Pin=P1-6
Added Pin To Net: NetName=sigA21 Pin=P1-7
Added Pin To Net: NetName=sigB17 Pin=P1-8
Added Pin To Net: NetName=sigA17 Pin=P1-9
Added Pin To Net: NetName=GND Pin=P1-10
Added Pin To Net: NetName=sigA30 Pin=P1-12
Added Pin To Net: NetName=sigB30 Pin=P1-13
Added Pin To Net: NetName=sigA26 Pin=P1-14
Added Pin To Net: NetName=sigB26 Pin=P1-15
Added Pin To Net: NetName=sigA22 Pin=P1-16
Added Pin To Net: NetName=sigB22 Pin=P1-17
Added Pin To Net: NetName=sigA18 Pin=P1-18
Added Pin To Net: NetName=sigB18 Pin=P1-19
Added Pin To Net: NetName=GND Pin=P2-1
Added Pin To Net: NetName=sigB13 Pin=P2-2
Added Pin To Net: NetName=sigA13 Pin=P2-3
Added Pin To Net: NetName=sigB9 Pin=P2-4
Added Pin To Net: NetName=sigA9 Pin=P2-5
Added Pin To Net: NetName=sigB5 Pin=P2-6
Added Pin To Net: NetName=sigA5 Pin=P2-7
Added Pin To Net: NetName=sigB1 Pin=P2-8
Added Pin To Net: NetName=sigA1 Pin=P2-9
Added Pin To Net: NetName=GND Pin=P2-10
Added Pin To Net: NetName=VS Pin=P2-11
Added Pin To Net: NetName=sigA14 Pin=P2-12
Added Pin To Net: NetName=sigB14 Pin=P2-13
Added Pin To Net: NetName=sigA10 Pin=P2-14
Added Pin To Net: NetName=sigB10 Pin=P2-15
Added Pin To Net: NetName=sigA6 Pin=P2-16
Added Pin To Net: NetName=sigB6 Pin=P2-17
Added Pin To Net: NetName=sigA2 Pin=P2-18
Added Pin To Net: NetName=sigB2 Pin=P2-19
Added Pin To Net: NetName=GND Pin=P3-1
Added Pin To Net: NetName=sigB31 Pin=P3-2
Added Pin To Net: NetName=sigA31 Pin=P3-3
Added Pin To Net: NetName=sigB27 Pin=P3-4
Added Pin To Net: NetName=sigA27 Pin=P3-5
Added Pin To Net: NetName=sigB23 Pin=P3-6
Added Pin To Net: NetName=sigA23 Pin=P3-7
Added Pin To Net: NetName=sigB19 Pin=P3-8
Added Pin To Net: NetName=sigA19 Pin=P3-9
Added Pin To Net: NetName=GND Pin=P3-10
Added Pin To Net: NetName=VS Pin=P3-11
Added Pin To Net: NetName=sigA32 Pin=P3-12
Added Pin To Net: NetName=sigB32 Pin=P3-13
Added Pin To Net: NetName=sigA28 Pin=P3-14
Added Pin To Net: NetName=sigB28 Pin=P3-15
Added Pin To Net: NetName=sigA24 Pin=P3-16
Added Pin To Net: NetName=sigB24 Pin=P3-17
Added Pin To Net: NetName=sigA20 Pin=P3-18
Added Pin To Net: NetName=sigB20 Pin=P3-19
Added Pin To Net: NetName=GND Pin=P4-1
Added Pin To Net: NetName=sigB15 Pin=P4-2
Added Pin To Net: NetName=sigA15 Pin=P4-3
Added Pin To Net: NetName=sigB11 Pin=P4-4
Added Pin To Net: NetName=sigA11 Pin=P4-5
Added Pin To Net: NetName=sigB7 Pin=P4-6
Added Pin To Net: NetName=sigA7 Pin=P4-7
Added Pin To Net: NetName=sigB3 Pin=P4-8
Added Pin To Net: NetName=sigA3 Pin=P4-9
Added Pin To Net: NetName=GND Pin=P4-10
Added Pin To Net: NetName=VS Pin=P4-11
Added Pin To Net: NetName=sigA16 Pin=P4-12
Added Pin To Net: NetName=sigB16 Pin=P4-13
Added Pin To Net: NetName=sigA12 Pin=P4-14
Added Pin To Net: NetName=sigB12 Pin=P4-15
Added Pin To Net: NetName=sigA8 Pin=P4-16
Added Pin To Net: NetName=sigB8 Pin=P4-17
Added Pin To Net: NetName=sigA4 Pin=P4-18
Added Pin To Net: NetName=sigB4 Pin=P4-19
Added Pin To Net: NetName=VS Pin=P4-20
Change Class Name : Old Net Name=Header1_Nets New Net Name=P2_Nets
Change Class Name : Old Net Name=Header2_Nets New Net Name=P4_Nets
Added Class: Name=P1_Nets
Added Class: Name=P3_Nets
Added Member To Class: ClassName=ToBreakout Member=Component P1 Header 10X2A
Added Member To Class: ClassName=ToBreakout Member=Component P2 Header 10X2A
Added Member To Class: ClassName=ToBreakout Member=Component P3 Header 10X2A
Added Member To Class: ClassName=ToBreakout Member=Component P4 Header 10X2A
