Added Component: Designator=C1_S1(CAP0805 - CERAMIC)
Added Component: Designator=C1_S2(CAP0805 - CERAMIC)
Added Component: Designator=C1_S3(CAP0805 - CERAMIC)
Added Component: Designator=C1_S4(CAP0805 - CERAMIC)
Added Component: Designator=C1_S5(CAP0805 - CERAMIC)
Added Component: Designator=C1_S6(CAP0805 - CERAMIC)
Added Component: Designator=C1_S7(CAP0805 - CERAMIC)
Added Component: Designator=C1_S8(CAP0805 - CERAMIC)
Added Component: Designator=C2_S1(CAP0805 - CERAMIC)
Added Component: Designator=C2_S2(CAP0805 - CERAMIC)
Added Component: Designator=C2_S3(CAP0805 - CERAMIC)
Added Component: Designator=C2_S4(CAP0805 - CERAMIC)
Added Component: Designator=C2_S5(CAP0805 - CERAMIC)
Added Component: Designator=C2_S6(CAP0805 - CERAMIC)
Added Component: Designator=C2_S7(CAP0805 - CERAMIC)
Added Component: Designator=C2_S8(CAP0805 - CERAMIC)
Added Component: Designator=C3_S1(CAP0805 - CERAMIC)
Added Component: Designator=C3_S2(CAP0805 - CERAMIC)
Added Component: Designator=C3_S3(CAP0805 - CERAMIC)
Added Component: Designator=C3_S4(CAP0805 - CERAMIC)
Added Component: Designator=C3_S5(CAP0805 - CERAMIC)
Added Component: Designator=C3_S6(CAP0805 - CERAMIC)
Added Component: Designator=C3_S7(CAP0805 - CERAMIC)
Added Component: Designator=C3_S8(CAP0805 - CERAMIC)
Added Component: Designator=C4_S1(CAP0805 - CERAMIC)
Added Component: Designator=C4_S2(CAP0805 - CERAMIC)
Added Component: Designator=C4_S3(CAP0805 - CERAMIC)
Added Component: Designator=C4_S4(CAP0805 - CERAMIC)
Added Component: Designator=C4_S5(CAP0805 - CERAMIC)
Added Component: Designator=C4_S6(CAP0805 - CERAMIC)
Added Component: Designator=C4_S7(CAP0805 - CERAMIC)
Added Component: Designator=C4_S8(CAP0805 - CERAMIC)
Added Component: Designator=C5_S1(CAP0805 - CERAMIC)
Added Component: Designator=C5_S2(CAP0805 - CERAMIC)
Added Component: Designator=C5_S3(CAP0805 - CERAMIC)
Added Component: Designator=C5_S4(CAP0805 - CERAMIC)
Added Component: Designator=C5_S5(CAP0805 - CERAMIC)
Added Component: Designator=C5_S6(CAP0805 - CERAMIC)
Added Component: Designator=C5_S7(CAP0805 - CERAMIC)
Added Component: Designator=C5_S8(CAP0805 - CERAMIC)
Added Pin To Net: NetName=VCC Pin=C1_S1-1
Added Pin To Net: NetName=GND Pin=C1_S1-2
Added Pin To Net: NetName=VCC Pin=C1_S2-1
Added Pin To Net: NetName=GND Pin=C1_S2-2
Added Pin To Net: NetName=VCC Pin=C1_S3-1
Added Pin To Net: NetName=GND Pin=C1_S3-2
Added Pin To Net: NetName=VCC Pin=C1_S4-1
Added Pin To Net: NetName=GND Pin=C1_S4-2
Added Pin To Net: NetName=VCC Pin=C1_S5-1
Added Pin To Net: NetName=GND Pin=C1_S5-2
Added Pin To Net: NetName=VCC Pin=C1_S6-1
Added Pin To Net: NetName=GND Pin=C1_S6-2
Added Pin To Net: NetName=VCC Pin=C1_S7-1
Added Pin To Net: NetName=GND Pin=C1_S7-2
Added Pin To Net: NetName=VCC Pin=C1_S8-1
Added Pin To Net: NetName=GND Pin=C1_S8-2
Added Pin To Net: NetName=VS Pin=C2_S1-1
Added Pin To Net: NetName=GND Pin=C2_S1-2
Added Pin To Net: NetName=VS Pin=C2_S2-1
Added Pin To Net: NetName=GND Pin=C2_S2-2
Added Pin To Net: NetName=VS Pin=C2_S3-1
Added Pin To Net: NetName=GND Pin=C2_S3-2
Added Pin To Net: NetName=VS Pin=C2_S4-1
Added Pin To Net: NetName=GND Pin=C2_S4-2
Added Pin To Net: NetName=VS Pin=C2_S5-1
Added Pin To Net: NetName=GND Pin=C2_S5-2
Added Pin To Net: NetName=VS Pin=C2_S6-1
Added Pin To Net: NetName=GND Pin=C2_S6-2
Added Pin To Net: NetName=VS Pin=C2_S7-1
Added Pin To Net: NetName=GND Pin=C2_S7-2
Added Pin To Net: NetName=VS Pin=C2_S8-1
Added Pin To Net: NetName=GND Pin=C2_S8-2
Added Pin To Net: NetName=VS Pin=C3_S1-1
Added Pin To Net: NetName=GND Pin=C3_S1-2
Added Pin To Net: NetName=VS Pin=C3_S2-1
Added Pin To Net: NetName=GND Pin=C3_S2-2
Added Pin To Net: NetName=VS Pin=C3_S3-1
Added Pin To Net: NetName=GND Pin=C3_S3-2
Added Pin To Net: NetName=VS Pin=C3_S4-1
Added Pin To Net: NetName=GND Pin=C3_S4-2
Added Pin To Net: NetName=VS Pin=C3_S5-1
Added Pin To Net: NetName=GND Pin=C3_S5-2
Added Pin To Net: NetName=VS Pin=C3_S6-1
Added Pin To Net: NetName=GND Pin=C3_S6-2
Added Pin To Net: NetName=VS Pin=C3_S7-1
Added Pin To Net: NetName=GND Pin=C3_S7-2
Added Pin To Net: NetName=VS Pin=C3_S8-1
Added Pin To Net: NetName=GND Pin=C3_S8-2
Added Pin To Net: NetName=VS Pin=C4_S1-1
Added Pin To Net: NetName=GND Pin=C4_S1-2
Added Pin To Net: NetName=VS Pin=C4_S2-1
Added Pin To Net: NetName=GND Pin=C4_S2-2
Added Pin To Net: NetName=VS Pin=C4_S3-1
Added Pin To Net: NetName=GND Pin=C4_S3-2
Added Pin To Net: NetName=VS Pin=C4_S4-1
Added Pin To Net: NetName=GND Pin=C4_S4-2
Added Pin To Net: NetName=VS Pin=C4_S5-1
Added Pin To Net: NetName=GND Pin=C4_S5-2
Added Pin To Net: NetName=VS Pin=C4_S6-1
Added Pin To Net: NetName=GND Pin=C4_S6-2
Added Pin To Net: NetName=VS Pin=C4_S7-1
Added Pin To Net: NetName=GND Pin=C4_S7-2
Added Pin To Net: NetName=VS Pin=C4_S8-1
Added Pin To Net: NetName=GND Pin=C4_S8-2
Added Pin To Net: NetName=VS Pin=C5_S1-1
Added Pin To Net: NetName=GND Pin=C5_S1-2
Added Pin To Net: NetName=VS Pin=C5_S2-1
Added Pin To Net: NetName=GND Pin=C5_S2-2
Added Pin To Net: NetName=VS Pin=C5_S3-1
Added Pin To Net: NetName=GND Pin=C5_S3-2
Added Pin To Net: NetName=VS Pin=C5_S4-1
Added Pin To Net: NetName=GND Pin=C5_S4-2
Added Pin To Net: NetName=VS Pin=C5_S5-1
Added Pin To Net: NetName=GND Pin=C5_S5-2
Added Pin To Net: NetName=VS Pin=C5_S6-1
Added Pin To Net: NetName=GND Pin=C5_S6-2
Added Pin To Net: NetName=VS Pin=C5_S7-1
Added Pin To Net: NetName=GND Pin=C5_S7-2
Added Pin To Net: NetName=VS Pin=C5_S8-1
Added Pin To Net: NetName=GND Pin=C5_S8-2
Add Net: Net with name "DS1" already exists
Add Net: Net with name "DS2" already exists
Add Net: Net with name "DS3" already exists
Add Net: Net with name "DS4" already exists
Add Net: Net with name "DS5" already exists
Add Net: Net with name "DS6" already exists
Add Net: Net with name "DS7" already exists
Add Net: Net with name "DS8" already exists
Added Member To Class: ClassName=S1 Member=Component C1_S1 (C1)
Added Member To Class: ClassName=S2 Member=Component C1_S2 (C1)
Added Member To Class: ClassName=S3 Member=Component C1_S3 (C1)
Added Member To Class: ClassName=S4 Member=Component C1_S4 (C1)
Added Member To Class: ClassName=S5 Member=Component C1_S5 (C1)
Added Member To Class: ClassName=S6 Member=Component C1_S6 (C1)
Added Member To Class: ClassName=S7 Member=Component C1_S7 (C1)
Added Member To Class: ClassName=S8 Member=Component C1_S8 (C1)
Added Member To Class: ClassName=S1 Member=Component C2_S1 (C2) 0.1 uF
Added Member To Class: ClassName=S2 Member=Component C2_S2 (C2) 0.1 uF
Added Member To Class: ClassName=S3 Member=Component C2_S3 (C2) 0.1 uF
Added Member To Class: ClassName=S4 Member=Component C2_S4 (C2) 0.1 uF
Added Member To Class: ClassName=S5 Member=Component C2_S5 (C2) 0.1 uF
Added Member To Class: ClassName=S6 Member=Component C2_S6 (C2) 0.1 uF
Added Member To Class: ClassName=S7 Member=Component C2_S7 (C2) 0.1 uF
Added Member To Class: ClassName=S8 Member=Component C2_S8 (C2) 0.1 uF
Added Member To Class: ClassName=S1 Member=Component C3_S1 (C3) 0.1 uF
Added Member To Class: ClassName=S2 Member=Component C3_S2 (C3) 0.1 uF
Added Member To Class: ClassName=S3 Member=Component C3_S3 (C3) 0.1 uF
Added Member To Class: ClassName=S4 Member=Component C3_S4 (C3) 0.1 uF
Added Member To Class: ClassName=S5 Member=Component C3_S5 (C3) 0.1 uF
Added Member To Class: ClassName=S6 Member=Component C3_S6 (C3) 0.1 uF
Added Member To Class: ClassName=S7 Member=Component C3_S7 (C3) 0.1 uF
Added Member To Class: ClassName=S8 Member=Component C3_S8 (C3) 0.1 uF
Added Member To Class: ClassName=S1 Member=Component C4_S1 (C4) 0.1 uF
Added Member To Class: ClassName=S2 Member=Component C4_S2 (C4) 0.1 uF
Added Member To Class: ClassName=S3 Member=Component C4_S3 (C4) 0.1 uF
Added Member To Class: ClassName=S4 Member=Component C4_S4 (C4) 0.1 uF
Added Member To Class: ClassName=S5 Member=Component C4_S5 (C4) 0.1 uF
Added Member To Class: ClassName=S6 Member=Component C4_S6 (C4) 0.1 uF
Added Member To Class: ClassName=S7 Member=Component C4_S7 (C4) 0.1 uF
Added Member To Class: ClassName=S8 Member=Component C4_S8 (C4) 0.1 uF
Added Member To Class: ClassName=S1 Member=Component C5_S1 (C5) 0.1 uF
Added Member To Class: ClassName=S2 Member=Component C5_S2 (C5) 0.1 uF
Added Member To Class: ClassName=S3 Member=Component C5_S3 (C5) 0.1 uF
Added Member To Class: ClassName=S4 Member=Component C5_S4 (C5) 0.1 uF
Added Member To Class: ClassName=S5 Member=Component C5_S5 (C5) 0.1 uF
Added Member To Class: ClassName=S6 Member=Component C5_S6 (C5) 0.1 uF
Added Member To Class: ClassName=S7 Member=Component C5_S7 (C5) 0.1 uF
Added Member To Class: ClassName=S8 Member=Component C5_S8 (C5) 0.1 uF
