Removed Member From Class: ClassName=AmplifyEmit Member=S1
Removed Member From Class: ClassName=AmplifyEmit Member=S2
Removed Member From Class: ClassName=AmplifyEmit Member=S3
Removed Member From Class: ClassName=AmplifyEmit Member=S4
Removed Member From Class: ClassName=AmplifyEmit Member=S5
Removed Member From Class: ClassName=AmplifyEmit Member=S6
Removed Member From Class: ClassName=AmplifyEmit Member=S7
Removed Member From Class: ClassName=AmplifyEmit Member=S8
Removed Member From Class: ClassName=AmplifyEmit Member=S9
Removed Member From Class: ClassName=AmplifyEmit Member=S10
Removed Member From Class: ClassName=AmplifyEmit Member=S11
Removed Member From Class: ClassName=AmplifyEmit Member=S12
Removed Member From Class: ClassName=AmplifyEmit Member=S13
Removed Member From Class: ClassName=AmplifyEmit Member=S14
Removed Member From Class: ClassName=AmplifyEmit Member=S15
Removed Member From Class: ClassName=AmplifyEmit Member=S16
Removed Member From Class: ClassName=AmplifyEmit Member=S17
Removed Member From Class: ClassName=AmplifyEmit Member=S18
Removed Member From Class: ClassName=AmplifyEmit Member=S19
Removed Member From Class: ClassName=AmplifyEmit Member=S20
Removed Member From Class: ClassName=AmplifyEmit Member=S21
Removed Member From Class: ClassName=AmplifyEmit Member=S22
Removed Member From Class: ClassName=AmplifyEmit Member=S23
Removed Member From Class: ClassName=AmplifyEmit Member=S24
Removed Member From Class: ClassName=AmplifyEmit Member=S25
Removed Member From Class: ClassName=AmplifyEmit Member=S26
Removed Member From Class: ClassName=AmplifyEmit Member=S27
Removed Member From Class: ClassName=AmplifyEmit Member=S28
Removed Member From Class: ClassName=AmplifyEmit Member=S29
Removed Member From Class: ClassName=AmplifyEmit Member=S30
Removed Member From Class: ClassName=AmplifyEmit Member=S31
Removed Member From Class: ClassName=AmplifyEmit Member=S32
Change Component Designator: OldDesignator=1A NewDesignator=1_1
Change Component Designator: OldDesignator=1AA NewDesignator=1_27
Change Component Designator: OldDesignator=1AB NewDesignator=1_28
Change Component Designator: OldDesignator=1AC NewDesignator=1_29
Change Component Designator: OldDesignator=1AD NewDesignator=1_30
Change Component Designator: OldDesignator=1AE NewDesignator=1_31
Change Component Designator: OldDesignator=1AF NewDesignator=1_32
Change Component Designator: OldDesignator=1B NewDesignator=1_2
Change Component Designator: OldDesignator=1C NewDesignator=1_3
Change Component Designator: OldDesignator=1D NewDesignator=1_4
Change Component Designator: OldDesignator=1E NewDesignator=1_5
Change Component Designator: OldDesignator=1F NewDesignator=1_6
Change Component Designator: OldDesignator=1G NewDesignator=1_7
Change Component Designator: OldDesignator=1H NewDesignator=1_8
Change Component Designator: OldDesignator=1I NewDesignator=1_9
Change Component Designator: OldDesignator=1J NewDesignator=1_10
Change Component Designator: OldDesignator=1K NewDesignator=1_11
Change Component Designator: OldDesignator=1L NewDesignator=1_12
Change Component Designator: OldDesignator=1M NewDesignator=1_13
Change Component Designator: OldDesignator=1N NewDesignator=1_14
Change Component Designator: OldDesignator=1O NewDesignator=1_15
Change Component Designator: OldDesignator=1P NewDesignator=1_16
Change Component Designator: OldDesignator=1Q NewDesignator=1_17
Change Component Designator: OldDesignator=1R NewDesignator=1_18
Change Component Designator: OldDesignator=1S NewDesignator=1_19
Change Component Designator: OldDesignator=1T NewDesignator=1_20
Change Component Designator: OldDesignator=1U NewDesignator=1_21
Change Component Designator: OldDesignator=1V NewDesignator=1_22
Change Component Designator: OldDesignator=1W NewDesignator=1_23
Change Component Designator: OldDesignator=1X NewDesignator=1_24
Change Component Designator: OldDesignator=1Y NewDesignator=1_25
Change Component Designator: OldDesignator=1Z NewDesignator=1_26
Change Component Designator: OldDesignator=2A NewDesignator=2_1
Change Component Designator: OldDesignator=2AA NewDesignator=2_27
Change Component Designator: OldDesignator=2AB NewDesignator=2_28
Change Component Designator: OldDesignator=2AC NewDesignator=2_29
Change Component Designator: OldDesignator=2AD NewDesignator=2_30
Change Component Designator: OldDesignator=2AE NewDesignator=2_31
Change Component Designator: OldDesignator=2AF NewDesignator=2_32
Change Component Designator: OldDesignator=2B NewDesignator=2_2
Change Component Designator: OldDesignator=2C NewDesignator=2_3
Change Component Designator: OldDesignator=2D NewDesignator=2_4
Change Component Designator: OldDesignator=2E NewDesignator=2_5
Change Component Designator: OldDesignator=2F NewDesignator=2_6
Change Component Designator: OldDesignator=2G NewDesignator=2_7
Change Component Designator: OldDesignator=2H NewDesignator=2_8
Change Component Designator: OldDesignator=2I NewDesignator=2_9
Change Component Designator: OldDesignator=2J NewDesignator=2_10
Change Component Designator: OldDesignator=2K NewDesignator=2_11
Change Component Designator: OldDesignator=2L NewDesignator=2_12
Change Component Designator: OldDesignator=2M NewDesignator=2_13
Change Component Designator: OldDesignator=2N NewDesignator=2_14
Change Component Designator: OldDesignator=2O NewDesignator=2_15
Change Component Designator: OldDesignator=2P NewDesignator=2_16
Change Component Designator: OldDesignator=2Q NewDesignator=2_17
Change Component Designator: OldDesignator=2R NewDesignator=2_18
Change Component Designator: OldDesignator=2S NewDesignator=2_19
Change Component Designator: OldDesignator=2T NewDesignator=2_20
Change Component Designator: OldDesignator=2U NewDesignator=2_21
Change Component Designator: OldDesignator=2V NewDesignator=2_22
Change Component Designator: OldDesignator=2W NewDesignator=2_23
Change Component Designator: OldDesignator=2X NewDesignator=2_24
Change Component Designator: OldDesignator=2Y NewDesignator=2_25
Change Component Designator: OldDesignator=2Z NewDesignator=2_26
Change Component Designator: OldDesignator=C1A NewDesignator=C1_1
Change Component Designator: OldDesignator=C1AA NewDesignator=C1_27
Change Component Designator: OldDesignator=C1AB NewDesignator=C1_28
Change Component Designator: OldDesignator=C1AC NewDesignator=C1_29
Change Component Designator: OldDesignator=C1AD NewDesignator=C1_30
Change Component Designator: OldDesignator=C1AE NewDesignator=C1_31
Change Component Designator: OldDesignator=C1AF NewDesignator=C1_32
Change Component Designator: OldDesignator=C1B NewDesignator=C1_2
Change Component Designator: OldDesignator=C1C NewDesignator=C1_3
Change Component Designator: OldDesignator=C1D NewDesignator=C1_4
Change Component Designator: OldDesignator=C1E NewDesignator=C1_5
Change Component Designator: OldDesignator=C1F NewDesignator=C1_6
Change Component Designator: OldDesignator=C1G NewDesignator=C1_7
Change Component Designator: OldDesignator=C1H NewDesignator=C1_8
Change Component Designator: OldDesignator=C1I NewDesignator=C1_9
Change Component Designator: OldDesignator=C1J NewDesignator=C1_10
Change Component Designator: OldDesignator=C1K NewDesignator=C1_11
Change Component Designator: OldDesignator=C1L NewDesignator=C1_12
Change Component Designator: OldDesignator=C1M NewDesignator=C1_13
Change Component Designator: OldDesignator=C1N NewDesignator=C1_14
Change Component Designator: OldDesignator=C1O NewDesignator=C1_15
Change Component Designator: OldDesignator=C1P NewDesignator=C1_16
Change Component Designator: OldDesignator=C1Q NewDesignator=C1_17
Change Component Designator: OldDesignator=C1R NewDesignator=C1_18
Change Component Designator: OldDesignator=C1S NewDesignator=C1_19
Change Component Designator: OldDesignator=C1T NewDesignator=C1_20
Change Component Designator: OldDesignator=C1U NewDesignator=C1_21
Change Component Designator: OldDesignator=C1V NewDesignator=C1_22
Change Component Designator: OldDesignator=C1W NewDesignator=C1_23
Change Component Designator: OldDesignator=C1X NewDesignator=C1_24
Change Component Designator: OldDesignator=C1Y NewDesignator=C1_25
Change Component Designator: OldDesignator=C1Z NewDesignator=C1_26
Change Component Designator: OldDesignator=U1A NewDesignator=U1_1
Change Component Designator: OldDesignator=U1AA NewDesignator=U1_27
Change Component Designator: OldDesignator=U1AB NewDesignator=U1_28
Change Component Designator: OldDesignator=U1AC NewDesignator=U1_29
Change Component Designator: OldDesignator=U1AD NewDesignator=U1_30
Change Component Designator: OldDesignator=U1AE NewDesignator=U1_31
Change Component Designator: OldDesignator=U1AF NewDesignator=U1_32
Change Component Designator: OldDesignator=U1B NewDesignator=U1_2
Change Component Designator: OldDesignator=U1C NewDesignator=U1_3
Change Component Designator: OldDesignator=U1D NewDesignator=U1_4
Change Component Designator: OldDesignator=U1E NewDesignator=U1_5
Change Component Designator: OldDesignator=U1F NewDesignator=U1_6
Change Component Designator: OldDesignator=U1G NewDesignator=U1_7
Change Component Designator: OldDesignator=U1H NewDesignator=U1_8
Change Component Designator: OldDesignator=U1I NewDesignator=U1_9
Change Component Designator: OldDesignator=U1J NewDesignator=U1_10
Change Component Designator: OldDesignator=U1K NewDesignator=U1_11
Change Component Designator: OldDesignator=U1L NewDesignator=U1_12
Change Component Designator: OldDesignator=U1M NewDesignator=U1_13
Change Component Designator: OldDesignator=U1N NewDesignator=U1_14
Change Component Designator: OldDesignator=U1O NewDesignator=U1_15
Change Component Designator: OldDesignator=U1P NewDesignator=U1_16
Change Component Designator: OldDesignator=U1Q NewDesignator=U1_17
Change Component Designator: OldDesignator=U1R NewDesignator=U1_18
Change Component Designator: OldDesignator=U1S NewDesignator=U1_19
Change Component Designator: OldDesignator=U1T NewDesignator=U1_20
Change Component Designator: OldDesignator=U1U NewDesignator=U1_21
Change Component Designator: OldDesignator=U1V NewDesignator=U1_22
Change Component Designator: OldDesignator=U1W NewDesignator=U1_23
Change Component Designator: OldDesignator=U1X NewDesignator=U1_24
Change Component Designator: OldDesignator=U1Y NewDesignator=U1_25
Change Component Designator: OldDesignator=U1Z NewDesignator=U1_26
Change Net Name : Old Net Name=Out1A New Net Name=Out1_1
Change Net Name : Old Net Name=Out1AA New Net Name=Out1_27
Change Net Name : Old Net Name=Out1AB New Net Name=Out1_28
Change Net Name : Old Net Name=Out1AC New Net Name=Out1_29
Change Net Name : Old Net Name=Out1AD New Net Name=Out1_30
Change Net Name : Old Net Name=Out1AE New Net Name=Out1_31
Change Net Name : Old Net Name=Out1AF New Net Name=Out1_32
Change Net Name : Old Net Name=Out1B New Net Name=Out1_2
Change Net Name : Old Net Name=Out1C New Net Name=Out1_3
Change Net Name : Old Net Name=Out1D New Net Name=Out1_4
Change Net Name : Old Net Name=Out1E New Net Name=Out1_5
Change Net Name : Old Net Name=Out1F New Net Name=Out1_6
Change Net Name : Old Net Name=Out1G New Net Name=Out1_7
Change Net Name : Old Net Name=Out1H New Net Name=Out1_8
Change Net Name : Old Net Name=Out1I New Net Name=Out1_9
Change Net Name : Old Net Name=Out1J New Net Name=Out1_10
Change Net Name : Old Net Name=Out1K New Net Name=Out1_11
Change Net Name : Old Net Name=Out1L New Net Name=Out1_12
Change Net Name : Old Net Name=Out1M New Net Name=Out1_13
Change Net Name : Old Net Name=Out1N New Net Name=Out1_14
Change Net Name : Old Net Name=Out1O New Net Name=Out1_15
Change Net Name : Old Net Name=Out1P New Net Name=Out1_16
Change Net Name : Old Net Name=Out1Q New Net Name=Out1_17
Change Net Name : Old Net Name=Out1R New Net Name=Out1_18
Change Net Name : Old Net Name=Out1S New Net Name=Out1_19
Change Net Name : Old Net Name=Out1T New Net Name=Out1_20
Change Net Name : Old Net Name=Out1U New Net Name=Out1_21
Change Net Name : Old Net Name=Out1V New Net Name=Out1_22
Change Net Name : Old Net Name=Out1W New Net Name=Out1_23
Change Net Name : Old Net Name=Out1X New Net Name=Out1_24
Change Net Name : Old Net Name=Out1Y New Net Name=Out1_25
Change Net Name : Old Net Name=Out1Z New Net Name=Out1_26
Change Net Name : Old Net Name=Out2A New Net Name=Out2_1
Change Net Name : Old Net Name=Out2AA New Net Name=Out2_27
Change Net Name : Old Net Name=Out2AB New Net Name=Out2_28
Change Net Name : Old Net Name=Out2AC New Net Name=Out2_29
Change Net Name : Old Net Name=Out2AD New Net Name=Out2_30
Change Net Name : Old Net Name=Out2AE New Net Name=Out2_31
Change Net Name : Old Net Name=Out2AF New Net Name=Out2_32
Change Net Name : Old Net Name=Out2B New Net Name=Out2_2
Change Net Name : Old Net Name=Out2C New Net Name=Out2_3
Change Net Name : Old Net Name=Out2D New Net Name=Out2_4
Change Net Name : Old Net Name=Out2E New Net Name=Out2_5
Change Net Name : Old Net Name=Out2F New Net Name=Out2_6
Change Net Name : Old Net Name=Out2G New Net Name=Out2_7
Change Net Name : Old Net Name=Out2H New Net Name=Out2_8
Change Net Name : Old Net Name=Out2I New Net Name=Out2_9
Change Net Name : Old Net Name=Out2J New Net Name=Out2_10
Change Net Name : Old Net Name=Out2K New Net Name=Out2_11
Change Net Name : Old Net Name=Out2L New Net Name=Out2_12
Change Net Name : Old Net Name=Out2M New Net Name=Out2_13
Change Net Name : Old Net Name=Out2N New Net Name=Out2_14
Change Net Name : Old Net Name=Out2O New Net Name=Out2_15
Change Net Name : Old Net Name=Out2P New Net Name=Out2_16
Change Net Name : Old Net Name=Out2Q New Net Name=Out2_17
Change Net Name : Old Net Name=Out2R New Net Name=Out2_18
Change Net Name : Old Net Name=Out2S New Net Name=Out2_19
Change Net Name : Old Net Name=Out2T New Net Name=Out2_20
Change Net Name : Old Net Name=Out2U New Net Name=Out2_21
Change Net Name : Old Net Name=Out2V New Net Name=Out2_22
Change Net Name : Old Net Name=Out2W New Net Name=Out2_23
Change Net Name : Old Net Name=Out2X New Net Name=Out2_24
Change Net Name : Old Net Name=Out2Y New Net Name=Out2_25
Change Net Name : Old Net Name=Out2Z New Net Name=Out2_26
Change Class Name : Old Net Name=S1 New Net Name=1
Change Class Name : Old Net Name=S2 New Net Name=2
Change Class Name : Old Net Name=S3 New Net Name=3
Change Class Name : Old Net Name=S4 New Net Name=4
Change Class Name : Old Net Name=S5 New Net Name=5
Change Class Name : Old Net Name=S6 New Net Name=6
Change Class Name : Old Net Name=S7 New Net Name=7
Change Class Name : Old Net Name=S8 New Net Name=8
Change Class Name : Old Net Name=S9 New Net Name=9
Change Class Name : Old Net Name=S10 New Net Name=10
Change Class Name : Old Net Name=S11 New Net Name=11
Change Class Name : Old Net Name=S12 New Net Name=12
Change Class Name : Old Net Name=S13 New Net Name=13
Change Class Name : Old Net Name=S14 New Net Name=14
Change Class Name : Old Net Name=S15 New Net Name=15
Change Class Name : Old Net Name=S16 New Net Name=16
Change Class Name : Old Net Name=S17 New Net Name=17
Change Class Name : Old Net Name=S18 New Net Name=18
Change Class Name : Old Net Name=S19 New Net Name=19
Change Class Name : Old Net Name=S20 New Net Name=20
Change Class Name : Old Net Name=S21 New Net Name=21
Change Class Name : Old Net Name=S22 New Net Name=22
Change Class Name : Old Net Name=S23 New Net Name=23
Change Class Name : Old Net Name=S24 New Net Name=24
Change Class Name : Old Net Name=S25 New Net Name=25
Change Class Name : Old Net Name=S26 New Net Name=26
Change Class Name : Old Net Name=S27 New Net Name=27
Change Class Name : Old Net Name=S28 New Net Name=28
Change Class Name : Old Net Name=S29 New Net Name=29
Change Class Name : Old Net Name=S30 New Net Name=30
Change Class Name : Old Net Name=S31 New Net Name=31
Change Class Name : Old Net Name=S32 New Net Name=32
Added Member To Class: ClassName=AmplifyEmit Member=1 (AmplifyEmit.SchDoc)
Added Member To Class: ClassName=AmplifyEmit Member=2 (AmplifyEmit.SchDoc)
Added Member To Class: ClassName=AmplifyEmit Member=3 (AmplifyEmit.SchDoc)
Added Member To Class: ClassName=AmplifyEmit Member=4 (AmplifyEmit.SchDoc)
Added Member To Class: ClassName=AmplifyEmit Member=5 (AmplifyEmit.SchDoc)
Added Member To Class: ClassName=AmplifyEmit Member=6 (AmplifyEmit.SchDoc)
Added Member To Class: ClassName=AmplifyEmit Member=7 (AmplifyEmit.SchDoc)
Added Member To Class: ClassName=AmplifyEmit Member=8 (AmplifyEmit.SchDoc)
Added Member To Class: ClassName=AmplifyEmit Member=9 (AmplifyEmit.SchDoc)
Added Member To Class: ClassName=AmplifyEmit Member=10 (AmplifyEmit.SchDoc)
Added Member To Class: ClassName=AmplifyEmit Member=11 (AmplifyEmit.SchDoc)
Added Member To Class: ClassName=AmplifyEmit Member=12 (AmplifyEmit.SchDoc)
Added Member To Class: ClassName=AmplifyEmit Member=13 (AmplifyEmit.SchDoc)
Added Member To Class: ClassName=AmplifyEmit Member=14 (AmplifyEmit.SchDoc)
Added Member To Class: ClassName=AmplifyEmit Member=15 (AmplifyEmit.SchDoc)
Added Member To Class: ClassName=AmplifyEmit Member=16 (AmplifyEmit.SchDoc)
Added Member To Class: ClassName=AmplifyEmit Member=17 (AmplifyEmit.SchDoc)
Added Member To Class: ClassName=AmplifyEmit Member=18 (AmplifyEmit.SchDoc)
Added Member To Class: ClassName=AmplifyEmit Member=19 (AmplifyEmit.SchDoc)
Added Member To Class: ClassName=AmplifyEmit Member=20 (AmplifyEmit.SchDoc)
Added Member To Class: ClassName=AmplifyEmit Member=21 (AmplifyEmit.SchDoc)
Added Member To Class: ClassName=AmplifyEmit Member=22 (AmplifyEmit.SchDoc)
Added Member To Class: ClassName=AmplifyEmit Member=23 (AmplifyEmit.SchDoc)
Added Member To Class: ClassName=AmplifyEmit Member=24 (AmplifyEmit.SchDoc)
Added Member To Class: ClassName=AmplifyEmit Member=25 (AmplifyEmit.SchDoc)
Added Member To Class: ClassName=AmplifyEmit Member=26 (AmplifyEmit.SchDoc)
Added Member To Class: ClassName=AmplifyEmit Member=27 (AmplifyEmit.SchDoc)
Added Member To Class: ClassName=AmplifyEmit Member=28 (AmplifyEmit.SchDoc)
Added Member To Class: ClassName=AmplifyEmit Member=29 (AmplifyEmit.SchDoc)
Added Member To Class: ClassName=AmplifyEmit Member=30 (AmplifyEmit.SchDoc)
Added Member To Class: ClassName=AmplifyEmit Member=31 (AmplifyEmit.SchDoc)
Added Member To Class: ClassName=AmplifyEmit Member=32 (AmplifyEmit.SchDoc)
Change Room Name: Old Name=S22 New Name=22
Change Room Scope: Old Scope=InComponentClass('S22') New Scope=InComponentClass('22')
Added Room: Name=1
Added Room: Name=2
Added Room: Name=3
Added Room: Name=4
Added Room: Name=5
Added Room: Name=6
Added Room: Name=7
Added Room: Name=8
Added Room: Name=9
Added Room: Name=10
Added Room: Name=11
Added Room: Name=12
Added Room: Name=13
Added Room: Name=14
Added Room: Name=15
Added Room: Name=16
Added Room: Name=17
Added Room: Name=18
Added Room: Name=19
Added Room: Name=20
Added Room: Name=21
Added Room: Name=23
Added Room: Name=24
Added Room: Name=25
Added Room: Name=26
Added Room: Name=27
Added Room: Name=28
Added Room: Name=29
Added Room: Name=30
Added Room: Name=31
Added Room: Name=32
