Removed Pin From Net: NetName=GND Pin=J1-01
Removed Pin From Net: NetName=sigB29 Pin=J1-03
Removed Pin From Net: NetName=sigA29 Pin=J1-05
Removed Pin From Net: NetName=sigB25 Pin=J1-07
Removed Pin From Net: NetName=sigA25 Pin=J1-09
Removed Pin From Net: NetName=GND Pin=J2-01
Removed Pin From Net: NetName=sigB13 Pin=J2-03
Removed Pin From Net: NetName=sigA13 Pin=J2-05
Removed Pin From Net: NetName=sigB9 Pin=J2-07
Removed Pin From Net: NetName=sigA9 Pin=J2-09
Removed Pin From Net: NetName=GND Pin=J3-01
Removed Pin From Net: NetName=sigB31 Pin=J3-03
Removed Pin From Net: NetName=sigA31 Pin=J3-05
Removed Pin From Net: NetName=sigB27 Pin=J3-07
Removed Pin From Net: NetName=sigA27 Pin=J3-09
Removed Pin From Net: NetName=GND Pin=J4-01
Removed Pin From Net: NetName=sigB15 Pin=J4-03
Removed Pin From Net: NetName=sigA15 Pin=J4-05
Removed Pin From Net: NetName=sigB11 Pin=J4-07
Removed Pin From Net: NetName=sigA11 Pin=J4-09
Change Component DesignItemId : Designator=J1 Old DesignItemId=SSW-110-22-G-D-VS New DesignItemId=B27c-2x10-BSAB1-G
Change Component DesignItemId : Designator=J2 Old DesignItemId=SSW-110-22-G-D-VS New DesignItemId=B27c-2x10-BSAB1-G
Change Component DesignItemId : Designator=J3 Old DesignItemId=SSW-110-22-G-D-VS New DesignItemId=B27c-2x10-BSAB1-G
Change Component DesignItemId : Designator=J4 Old DesignItemId=SSW-110-22-G-D-VS New DesignItemId=B27c-2x10-BSAB1-G
Change Footprint: Cannot match pads with new footprint in component :J1 Footprint:B27C SMT2x10
Change Footprint: Cannot match pads with new footprint in component :J2 Footprint:B27C SMT2x10
Change Footprint: Cannot match pads with new footprint in component :J3 Footprint:B27C SMT2x10
Change Footprint: Cannot match pads with new footprint in component :J4 Footprint:B27C SMT2x10
Change Component Comment : Designator=J1 Old Comment=SSW-110-22-G-D-VS New Comment=B27c-2x10-BSAB1-G
Change Component Comment : Designator=J2 Old Comment=SSW-110-22-G-D-VS New Comment=B27c-2x10-BSAB1-G
Change Component Comment : Designator=J3 Old Comment=SSW-110-22-G-D-VS New Comment=B27c-2x10-BSAB1-G
Change Component Comment : Designator=J4 Old Comment=SSW-110-22-G-D-VS New Comment=B27c-2x10-BSAB1-G
Change Component Library : Designator=J1 Old Library=SSW-110-22-G-D-VS.IntLib New Library=InteractLab.SchLib
Change Component Library : Designator=J2 Old Library=SSW-110-22-G-D-VS.IntLib New Library=InteractLab.SchLib
Change Component Library : Designator=J3 Old Library=SSW-110-22-G-D-VS.IntLib New Library=InteractLab.SchLib
Change Component Library : Designator=J4 Old Library=SSW-110-22-G-D-VS.IntLib New Library=InteractLab.SchLib
Add Pin To Net: Unknown Pin: Pin J1-1
Add Pin To Net: Unknown Pin: Pin J1-3
Add Pin To Net: Unknown Pin: Pin J1-5
Add Pin To Net: Unknown Pin: Pin J1-7
Add Pin To Net: Unknown Pin: Pin J1-9
Add Pin To Net: Unknown Pin: Pin J2-1
Add Pin To Net: Unknown Pin: Pin J2-3
Add Pin To Net: Unknown Pin: Pin J2-5
Add Pin To Net: Unknown Pin: Pin J2-7
Add Pin To Net: Unknown Pin: Pin J2-9
Add Pin To Net: Unknown Pin: Pin J3-1
Add Pin To Net: Unknown Pin: Pin J3-3
Add Pin To Net: Unknown Pin: Pin J3-5
Add Pin To Net: Unknown Pin: Pin J3-7
Add Pin To Net: Unknown Pin: Pin J3-9
Add Pin To Net: Unknown Pin: Pin J4-1
Add Pin To Net: Unknown Pin: Pin J4-3
Add Pin To Net: Unknown Pin: Pin J4-5
Add Pin To Net: Unknown Pin: Pin J4-7
Add Pin To Net: Unknown Pin: Pin J4-9
