Add Component: Footprint Not Found TRANSDUCER
Add Component: Footprint Not Found TRANSDUCER
Add Component: Footprint Not Found TRANSDUCER
Add Component: Footprint Not Found TRANSDUCER
Add Component: Footprint Not Found TRANSDUCER
Add Component: Footprint Not Found TRANSDUCER
Add Component: Footprint Not Found TRANSDUCER
Add Component: Footprint Not Found TRANSDUCER
Add Component: Footprint Not Found TRANSDUCER
Add Component: Footprint Not Found TRANSDUCER
Add Component: Footprint Not Found TRANSDUCER
Add Component: Footprint Not Found TRANSDUCER
Add Component: Footprint Not Found TRANSDUCER
Add Component: Footprint Not Found TRANSDUCER
Add Component: Footprint Not Found TRANSDUCER
Add Component: Footprint Not Found TRANSDUCER
Add Component: Footprint Not Found TRANSDUCER
Add Component: Footprint Not Found TRANSDUCER
Add Component: Footprint Not Found TRANSDUCER
Add Component: Footprint Not Found TRANSDUCER
Add Component: Footprint Not Found TRANSDUCER
Add Component: Footprint Not Found TRANSDUCER
Add Component: Footprint Not Found TRANSDUCER
Add Component: Footprint Not Found TRANSDUCER
Add Component: Footprint Not Found TRANSDUCER
Add Component: Footprint Not Found TRANSDUCER
Add Component: Footprint Not Found TRANSDUCER
Add Component: Footprint Not Found TRANSDUCER
Add Component: Footprint Not Found TRANSDUCER
Add Component: Footprint Not Found TRANSDUCER
Add Component: Footprint Not Found TRANSDUCER
Add Component: Footprint Not Found TRANSDUCER
Add Component: Footprint Not Found TRANSDUCER
Add Component: Footprint Not Found TRANSDUCER
Add Component: Footprint Not Found TRANSDUCER
Add Component: Footprint Not Found TRANSDUCER
Add Component: Footprint Not Found TRANSDUCER
Add Component: Footprint Not Found TRANSDUCER
Add Component: Footprint Not Found TRANSDUCER
Add Component: Footprint Not Found TRANSDUCER
Add Component: Footprint Not Found TRANSDUCER
Add Component: Footprint Not Found TRANSDUCER
Add Component: Footprint Not Found TRANSDUCER
Add Component: Footprint Not Found TRANSDUCER
Add Component: Footprint Not Found TRANSDUCER
Add Component: Footprint Not Found TRANSDUCER
Add Component: Footprint Not Found TRANSDUCER
Add Component: Footprint Not Found TRANSDUCER
Add Component: Footprint Not Found TRANSDUCER
Add Component: Footprint Not Found TRANSDUCER
Add Component: Footprint Not Found TRANSDUCER
Add Component: Footprint Not Found TRANSDUCER
Add Component: Footprint Not Found TRANSDUCER
Add Component: Footprint Not Found TRANSDUCER
Add Component: Footprint Not Found TRANSDUCER
Add Component: Footprint Not Found TRANSDUCER
Add Component: Footprint Not Found TRANSDUCER
Add Component: Footprint Not Found TRANSDUCER
Add Component: Footprint Not Found TRANSDUCER
Add Component: Footprint Not Found TRANSDUCER
Add Component: Footprint Not Found TRANSDUCER
Add Component: Footprint Not Found TRANSDUCER
Add Component: Footprint Not Found TRANSDUCER
Add Component: Footprint Not Found TRANSDUCER
Add Component: Footprint Not Found CAP0805
Add Component: Footprint Not Found CAP0805
Add Component: Footprint Not Found CAP0805
Add Component: Footprint Not Found CAP0805
Add Component: Footprint Not Found CAP0805
Add Component: Footprint Not Found CAP0805
Add Component: Footprint Not Found CAP0805
Add Component: Footprint Not Found CAP0805
Add Component: Footprint Not Found CAP0805
Add Component: Footprint Not Found CAP0805
Add Component: Footprint Not Found CAP0805
Add Component: Footprint Not Found CAP0805
Add Component: Footprint Not Found CAP0805
Add Component: Footprint Not Found CAP0805
Add Component: Footprint Not Found CAP0805
Add Component: Footprint Not Found CAP0805
Add Component: Footprint Not Found CAP0805
Add Component: Footprint Not Found CAP0805
Add Component: Footprint Not Found CAP0805
Add Component: Footprint Not Found CAP0805
Add Component: Footprint Not Found CAP0805
Add Component: Footprint Not Found CAP0805
Add Component: Footprint Not Found CAP0805
Add Component: Footprint Not Found CAP0805
Add Component: Footprint Not Found CAP0805
Add Component: Footprint Not Found CAP0805
Add Component: Footprint Not Found CAP0805
Add Component: Footprint Not Found CAP0805
Add Component: Footprint Not Found CAP0805
Add Component: Footprint Not Found CAP0805
Add Component: Footprint Not Found CAP0805
Add Component: Footprint Not Found CAP0805
Add Component: Footprint Not Found CAP0805
Add Component: Footprint Not Found CAP0805
Add Component: Footprint Not Found CAP0805
Add Component: Footprint Not Found CAP0805
Add Component: Footprint Not Found CAP0805
Add Component: Footprint Not Found CAP0805
Add Component: Footprint Not Found CAP0805
Add Component: Footprint Not Found CAP0805
Add Component: Footprint Not Found B27C-SMT2x20
Add Component: Footprint Not Found B27C-SMT2x20
Add Component: Footprint Not Found MIC4127YME
Add Component: Footprint Not Found 74*959D
Add Component: Footprint Not Found MIC4127YME
Add Component: Footprint Not Found MIC4127YME
Add Component: Footprint Not Found MIC4127YME
Add Component: Footprint Not Found MIC4127YME
Add Component: Footprint Not Found MIC4127YME
Add Component: Footprint Not Found 74*959D
Add Component: Footprint Not Found MIC4127YME
Add Component: Footprint Not Found MIC4127YME
Add Component: Footprint Not Found MIC4127YME
Add Component: Footprint Not Found MIC4127YME
Add Component: Footprint Not Found MIC4127YME
Add Component: Footprint Not Found 74*959D
Add Component: Footprint Not Found MIC4127YME
Add Component: Footprint Not Found 74*959D
Add Component: Footprint Not Found MIC4127YME
Add Component: Footprint Not Found MIC4127YME
Add Component: Footprint Not Found MIC4127YME
Add Component: Footprint Not Found MIC4127YME
Add Component: Footprint Not Found MIC4127YME
Add Component: Footprint Not Found 74*959D
Add Component: Footprint Not Found MIC4127YME
Add Component: Footprint Not Found MIC4127YME
Add Component: Footprint Not Found MIC4127YME
Add Component: Footprint Not Found MIC4127YME
Add Component: Footprint Not Found 74*959D
Add Component: Footprint Not Found MIC4127YME
Add Component: Footprint Not Found MIC4127YME
Add Component: Footprint Not Found MIC4127YME
Add Component: Footprint Not Found 74*959D
Add Component: Footprint Not Found MIC4127YME
Add Component: Footprint Not Found MIC4127YME
Add Component: Footprint Not Found MIC4127YME
Add Component: Footprint Not Found MIC4127YME
Add Component: Footprint Not Found MIC4127YME
Add Component: Footprint Not Found MIC4127YME
Add Component: Footprint Not Found MIC4127YME
Add Component: Footprint Not Found MIC4127YME
Add Component: Footprint Not Found 74*959D
Added Net: Name=DS1
Add Net: Net with name "DS1" already exists
Added Net: Name=DS2
Add Net: Net with name "DS2" already exists
Added Net: Name=DS3
Add Net: Net with name "DS3" already exists
Added Net: Name=DS4
Add Net: Net with name "DS4" already exists
Added Net: Name=DS5
Add Net: Net with name "DS5" already exists
Added Net: Name=DS6
Add Net: Net with name "DS6" already exists
Added Net: Name=DS7
Add Net: Net with name "DS7" already exists
Added Net: Name=DS8
Add Net: Net with name "DS8" already exists
Added Net: Name=DS9
Added Net: Name=DS10
Added Net: Name=DS11
Added Net: Name=DS12
Added Net: Name=DS13
Added Net: Name=DS14
Added Net: Name=DS15
Added Net: Name=DS16
Added Net: Name=DS17
Added Net: Name=DS18
Added Net: Name=DS19
Added Net: Name=DS20
Added Net: Name=DS21
Added Net: Name=DS22
Added Net: Name=DS23
Added Net: Name=DS24
Added Net: Name=DS25
Added Net: Name=DS26
Added Net: Name=DS27
Added Net: Name=DS28
Added Net: Name=DS29
Added Net: Name=DS30
Added Net: Name=DS31
Added Net: Name=DS32
Added Net: Name=GND
Added Net: Name=INA_1_S1
Added Net: Name=INA_1_S2
Added Net: Name=INA_1_S3
Added Net: Name=INA_1_S4
Added Net: Name=INA_1_S5
Added Net: Name=INA_1_S6
Added Net: Name=INA_1_S7
Added Net: Name=INA_1_S8
Added Net: Name=INA_2_S1
Added Net: Name=INA_2_S2
Added Net: Name=INA_2_S3
Added Net: Name=INA_2_S4
Added Net: Name=INA_2_S5
Added Net: Name=INA_2_S6
Added Net: Name=INA_2_S7
Added Net: Name=INA_2_S8
Added Net: Name=INA_3_S1
Added Net: Name=INA_3_S2
Added Net: Name=INA_3_S3
Added Net: Name=INA_3_S4
Added Net: Name=INA_3_S5
Added Net: Name=INA_3_S6
Added Net: Name=INA_3_S7
Added Net: Name=INA_3_S8
Added Net: Name=INA_4_S1
Added Net: Name=INA_4_S2
Added Net: Name=INA_4_S3
Added Net: Name=INA_4_S4
Added Net: Name=INA_4_S5
Added Net: Name=INA_4_S6
Added Net: Name=INA_4_S7
Added Net: Name=INA_4_S8
Added Net: Name=INB_1_S1
Added Net: Name=INB_1_S2
Added Net: Name=INB_1_S3
Added Net: Name=INB_1_S4
Added Net: Name=INB_1_S5
Added Net: Name=INB_1_S6
Added Net: Name=INB_1_S7
Added Net: Name=INB_1_S8
Added Net: Name=INB_2_S1
Added Net: Name=INB_2_S2
Added Net: Name=INB_2_S3
Added Net: Name=INB_2_S4
Added Net: Name=INB_2_S5
Added Net: Name=INB_2_S6
Added Net: Name=INB_2_S7
Added Net: Name=INB_2_S8
Added Net: Name=INB_3_S1
Added Net: Name=INB_3_S2
Added Net: Name=INB_3_S3
Added Net: Name=INB_3_S4
Added Net: Name=INB_3_S5
Added Net: Name=INB_3_S6
Added Net: Name=INB_3_S7
Added Net: Name=INB_3_S8
Added Net: Name=INB_4_S1
Added Net: Name=INB_4_S2
Added Net: Name=INB_4_S3
Added Net: Name=INB_4_S4
Added Net: Name=INB_4_S5
Added Net: Name=INB_4_S6
Added Net: Name=INB_4_S7
Added Net: Name=INB_4_S8
Added Net: Name=OUTA_1_S1
Added Net: Name=OUTA_1_S2
Added Net: Name=OUTA_1_S3
Added Net: Name=OUTA_1_S4
Added Net: Name=OUTA_1_S5
Added Net: Name=OUTA_1_S6
Added Net: Name=OUTA_1_S7
Added Net: Name=OUTA_1_S8
Added Net: Name=OUTA_2_S1
Added Net: Name=OUTA_2_S2
Added Net: Name=OUTA_2_S3
Added Net: Name=OUTA_2_S4
Added Net: Name=OUTA_2_S5
Added Net: Name=OUTA_2_S6
Added Net: Name=OUTA_2_S7
Added Net: Name=OUTA_2_S8
Added Net: Name=OUTA_3_S1
Added Net: Name=OUTA_3_S2
Added Net: Name=OUTA_3_S3
Added Net: Name=OUTA_3_S4
Added Net: Name=OUTA_3_S5
Added Net: Name=OUTA_3_S6
Added Net: Name=OUTA_3_S7
Added Net: Name=OUTA_3_S8
Added Net: Name=OUTA_4_S1
Added Net: Name=OUTA_4_S2
Added Net: Name=OUTA_4_S3
Added Net: Name=OUTA_4_S4
Added Net: Name=OUTA_4_S5
Added Net: Name=OUTA_4_S6
Added Net: Name=OUTA_4_S7
Added Net: Name=OUTA_4_S8
Added Net: Name=OUTB_1_S1
Added Net: Name=OUTB_1_S2
Added Net: Name=OUTB_1_S3
Added Net: Name=OUTB_1_S4
Added Net: Name=OUTB_1_S5
Added Net: Name=OUTB_1_S6
Added Net: Name=OUTB_1_S7
Added Net: Name=OUTB_1_S8
Added Net: Name=OUTB_2_S1
Added Net: Name=OUTB_2_S2
Added Net: Name=OUTB_2_S3
Added Net: Name=OUTB_2_S4
Added Net: Name=OUTB_2_S5
Added Net: Name=OUTB_2_S6
Added Net: Name=OUTB_2_S7
Added Net: Name=OUTB_2_S8
Added Net: Name=OUTB_3_S1
Added Net: Name=OUTB_3_S2
Added Net: Name=OUTB_3_S3
Added Net: Name=OUTB_3_S4
Added Net: Name=OUTB_3_S5
Added Net: Name=OUTB_3_S6
Added Net: Name=OUTB_3_S7
Added Net: Name=OUTB_3_S8
Added Net: Name=OUTB_4_S1
Added Net: Name=OUTB_4_S2
Added Net: Name=OUTB_4_S3
Added Net: Name=OUTB_4_S4
Added Net: Name=OUTB_4_S5
Added Net: Name=OUTB_4_S6
Added Net: Name=OUTB_4_S7
Added Net: Name=OUTB_4_S8
Added Net: Name=SHCP
Added Net: Name=STCP
Added Net: Name=VCC
Added Net: Name=VS
Added Class: Name=S1
Added Class: Name=S2
Added Class: Name=S3
Added Class: Name=S4
Added Class: Name=S5
Added Class: Name=S6
Added Class: Name=S7
Added Class: Name=S8
Added Class: Name=ToBreakout
Added Class: Name=DS[1..8]
Added Class: Name=DS[1..32]
Added Class: Name=ShiftAmplifyEmit
